<?xml version="1.0" encoding="UTF-8"?>
<robot generator="Robot 7.0 (Python 3.8.3 on win32)" generated="2024-05-02T21:52:32.377542" rpa="false" schemaversion="5">
<suite id="s1" name="productFilters" source="D:\belajar\swagLabs-RobotFramework\step\productFilters.robot">
<test id="s1-t1" name="Ascending Name Product Filters" line="66">
<kw name="Open Browser" owner="SeleniumLibrary" type="SETUP">
<msg time="2024-05-02T21:52:32.823408" level="INFO">Opening browser 'chrome' to base url 'https://saucedemo.com/'.</msg>
<arg>${WebSauceDemo}</arg>
<arg>${BROWSER}</arg>
<doc>Opens a new browser instance to the optional ``url``.</doc>
<status status="PASS" start="2024-05-02T21:52:32.822407" elapsed="22.071263"/>
</kw>
<kw name="Maximize Browser Window" owner="SeleniumLibrary">
<doc>Maximizes current browser window.</doc>
<status status="PASS" start="2024-05-02T21:52:54.894634" elapsed="0.035905"/>
</kw>
<kw name="User is on products page">
<kw name="Input Text" owner="SeleniumLibrary">
<msg time="2024-05-02T21:52:54.934527" level="INFO">Typing text 'error_user' into text field '//input[@id='user-name']'.</msg>
<arg>${UsernameField}</arg>
<arg>error_user</arg>
<doc>Types the given ``text`` into the text field identified by ``locator``.</doc>
<status status="PASS" start="2024-05-02T21:52:54.933531" elapsed="0.196475"/>
</kw>
<kw name="Input Text" owner="SeleniumLibrary">
<msg time="2024-05-02T21:52:55.131002" level="INFO">Typing text 'secret_sauce' into text field '//input[@name='password']'.</msg>
<arg>${PasswordField}</arg>
<arg>secret_sauce</arg>
<doc>Types the given ``text`` into the text field identified by ``locator``.</doc>
<status status="PASS" start="2024-05-02T21:52:55.130006" elapsed="0.154587"/>
</kw>
<kw name="Click Element" owner="SeleniumLibrary">
<msg time="2024-05-02T21:52:55.285590" level="INFO">Clicking element '//input[@type='submit'][@value='Login']'.</msg>
<arg>${LoginButton}</arg>
<doc>Click the element identified by ``locator``.</doc>
<status status="PASS" start="2024-05-02T21:52:55.284593" elapsed="0.130648"/>
</kw>
<kw name="Sleep" owner="BuiltIn">
<msg time="2024-05-02T21:52:56.422658" level="INFO">Slept 1 second.</msg>
<arg>1s</arg>
<doc>Pauses the test executed for the given time.</doc>
<status status="PASS" start="2024-05-02T21:52:55.415241" elapsed="1.007417"/>
</kw>
<kw name="Wait Until Element Is Visible" owner="SeleniumLibrary">
<arg>${ProductSortButton}</arg>
<arg>10s</arg>
<doc>Waits until the element ``locator`` is visible.</doc>
<status status="PASS" start="2024-05-02T21:52:56.423569" elapsed="0.165871"/>
</kw>
<status status="PASS" start="2024-05-02T21:52:54.932533" elapsed="1.656907"/>
</kw>
<kw name="User click product sort button">
<kw name="Click Element" owner="SeleniumLibrary">
<msg time="2024-05-02T21:52:56.596424" level="INFO">Clicking element '//select[@class='product_sort_container'][@data-test='product-sort-container']'.</msg>
<arg>${ProductSortButton}</arg>
<doc>Click the element identified by ``locator``.</doc>
<status status="PASS" start="2024-05-02T21:52:56.594466" elapsed="0.115649"/>
</kw>
<kw name="Sleep" owner="BuiltIn">
<msg time="2024-05-02T21:52:57.714695" level="INFO">Slept 1 second.</msg>
<arg>1s</arg>
<doc>Pauses the test executed for the given time.</doc>
<status status="PASS" start="2024-05-02T21:52:56.711112" elapsed="1.003583"/>
</kw>
<status status="PASS" start="2024-05-02T21:52:56.592471" elapsed="1.122852"/>
</kw>
<kw name="User verify ascending name product sort option">
<kw name="Wait Until Element Is Visible" owner="SeleniumLibrary">
<arg>${AscNameProductSortOption}</arg>
<arg>10s</arg>
<doc>Waits until the element ``locator`` is visible.</doc>
<status status="PASS" start="2024-05-02T21:52:57.719310" elapsed="0.054873"/>
</kw>
<status status="PASS" start="2024-05-02T21:52:57.717360" elapsed="0.056823"/>
</kw>
<kw name="User click ascending name product sort option">
<kw name="Click Element" owner="SeleniumLibrary">
<msg time="2024-05-02T21:52:57.777195" level="INFO">Clicking element '//option[@value='az'][text()[contains(., 'Name (A to Z)')]]'.</msg>
<arg>${AscNameProductSortOption}</arg>
<doc>Click the element identified by ``locator``.</doc>
<status status="PASS" start="2024-05-02T21:52:57.776154" elapsed="0.045873"/>
</kw>
<kw name="Sleep" owner="BuiltIn">
<msg time="2024-05-02T21:52:58.823912" level="INFO">Slept 1 second.</msg>
<arg>1s</arg>
<doc>Pauses the test executed for the given time.</doc>
<status status="PASS" start="2024-05-02T21:52:57.822027" elapsed="1.001885"/>
</kw>
<status status="PASS" start="2024-05-02T21:52:57.775188" elapsed="1.049514"/>
</kw>
<kw name="User verify ascending name product sort result">
<kw name="Wait Until Element Is Visible" owner="SeleniumLibrary">
<arg>//div[@class='inventory_item'][contains(., 'Sauce Labs Backpack')]</arg>
<arg>10s</arg>
<doc>Waits until the element ``locator`` is visible.</doc>
<status status="PASS" start="2024-05-02T21:52:58.828655" elapsed="0.052844"/>
</kw>
<status status="PASS" start="2024-05-02T21:52:58.826687" elapsed="0.055985"/>
</kw>
<kw name="Close Browser" owner="SeleniumLibrary" type="TEARDOWN">
<doc>Closes the current browser.</doc>
<status status="PASS" start="2024-05-02T21:52:58.883536" elapsed="2.624407"/>
</kw>
<status status="PASS" start="2024-05-02T21:52:32.819413" elapsed="28.689233"/>
</test>
<status status="PASS" start="2024-05-02T21:52:32.380500" elapsed="29.132202"/>
</suite>
<statistics>
<total>
<stat pass="1" fail="0" skip="0">All Tests</stat>
</total>
<tag>
</tag>
<suite>
<stat pass="1" fail="0" skip="0" id="s1" name="productFilters">productFilters</stat>
</suite>
</statistics>
<errors>
</errors>
</robot>
