<?xml version="1.0" encoding="UTF-8"?>
<robot generator="Robot 7.0 (Python 3.8.3 on win32)" generated="2024-04-29T10:45:15.639910" rpa="false" schemaversion="5">
<suite id="s1" name="actionOpenMenu" source="D:\belajar\swagLabs-RobotFramework\actionOpenMenu.robot">
<test id="s1-t1" name="About Action Open Menu" line="83">
<kw name="Open Browser" owner="SeleniumLibrary" type="SETUP">
<msg time="2024-04-29T10:45:15.989938" level="INFO">Opening browser 'chrome' to base url 'https://saucedemo.com/'.</msg>
<arg>${WebSauceDemo}</arg>
<arg>${BROWSER}</arg>
<doc>Opens a new browser instance to the optional ``url``.</doc>
<status status="PASS" start="2024-04-29T10:45:15.989938" elapsed="4.965722"/>
</kw>
<kw name="Maximize Browser Window" owner="SeleniumLibrary">
<doc>Maximizes current browser window.</doc>
<status status="PASS" start="2024-04-29T10:45:20.957658" elapsed="0.036899"/>
</kw>
<kw name="User has logged in">
<kw name="Input Text" owner="SeleniumLibrary">
<msg time="2024-04-29T10:45:20.997549" level="INFO">Typing text 'error_user' into text field '//input[@id='user-name']'.</msg>
<arg>${UsernameField}</arg>
<arg>error_user</arg>
<doc>Types the given ``text`` into the text field identified by ``locator``.</doc>
<status status="PASS" start="2024-04-29T10:45:20.997549" elapsed="0.179519"/>
</kw>
<kw name="Input Text" owner="SeleniumLibrary">
<msg time="2024-04-29T10:45:21.179065" level="INFO">Typing text 'secret_sauce' into text field '//input[@name='password']'.</msg>
<arg>${PasswordField}</arg>
<arg>secret_sauce</arg>
<doc>Types the given ``text`` into the text field identified by ``locator``.</doc>
<status status="PASS" start="2024-04-29T10:45:21.177068" elapsed="0.121676"/>
</kw>
<kw name="Click Element" owner="SeleniumLibrary">
<msg time="2024-04-29T10:45:21.299741" level="INFO">Clicking element '//input[@type='submit'][@value='Login']'.</msg>
<arg>${LoginButton}</arg>
<doc>Click the element identified by ``locator``.</doc>
<status status="PASS" start="2024-04-29T10:45:21.298744" elapsed="0.123669"/>
</kw>
<kw name="Sleep" owner="BuiltIn">
<msg time="2024-04-29T10:45:22.429826" level="INFO">Slept 1 second.</msg>
<arg>1s</arg>
<doc>Pauses the test executed for the given time.</doc>
<status status="PASS" start="2024-04-29T10:45:21.422413" elapsed="1.007413"/>
</kw>
<status status="PASS" start="2024-04-29T10:45:20.995554" elapsed="1.434272"/>
</kw>
<kw name="User verify open menu link button">
<kw name="Wait Until Element Is Visible" owner="SeleniumLibrary">
<arg>${OpenMenuButton}</arg>
<arg>10s</arg>
<doc>Waits until the element ``locator`` is visible.</doc>
<status status="PASS" start="2024-04-29T10:45:22.431714" elapsed="0.032913"/>
</kw>
<status status="PASS" start="2024-04-29T10:45:22.430717" elapsed="0.034942"/>
</kw>
<kw name="User click open menu link button">
<kw name="Click Element" owner="SeleniumLibrary">
<msg time="2024-04-29T10:45:22.467653" level="INFO">Clicking element '//button[@id='react-burger-menu-btn'][text()[contains(., 'Open Menu')]]'.</msg>
<arg>${OpenMenuButton}</arg>
<doc>Click the element identified by ``locator``.</doc>
<status status="PASS" start="2024-04-29T10:45:22.467653" elapsed="0.065792"/>
</kw>
<kw name="Sleep" owner="BuiltIn">
<msg time="2024-04-29T10:45:23.538755" level="INFO">Slept 1 second.</msg>
<arg>1s</arg>
<doc>Pauses the test executed for the given time.</doc>
<status status="PASS" start="2024-04-29T10:45:22.533445" elapsed="1.005310"/>
</kw>
<status status="PASS" start="2024-04-29T10:45:22.466620" elapsed="1.072135"/>
</kw>
<kw name="User verify about button">
<kw name="Wait Until Element Is Visible" owner="SeleniumLibrary">
<arg>${AboutButton}</arg>
<arg>10s</arg>
<doc>Waits until the element ``locator`` is visible.</doc>
<status status="PASS" start="2024-04-29T10:45:23.540747" elapsed="0.034908"/>
</kw>
<status status="PASS" start="2024-04-29T10:45:23.539754" elapsed="0.036897"/>
</kw>
<kw name="User click about button">
<kw name="Click Element" owner="SeleniumLibrary">
<msg time="2024-04-29T10:45:23.578648" level="INFO">Clicking element 'id:about_sidebar_link'.</msg>
<arg>${AboutButton}</arg>
<doc>Click the element identified by ``locator``.</doc>
<status status="PASS" start="2024-04-29T10:45:23.577650" elapsed="5.552155"/>
</kw>
<kw name="Sleep" owner="BuiltIn">
<msg time="2024-04-29T10:45:30.134118" level="INFO">Slept 1 second.</msg>
<arg>1s</arg>
<doc>Pauses the test executed for the given time.</doc>
<status status="PASS" start="2024-04-29T10:45:29.129805" elapsed="1.004313"/>
</kw>
<status status="PASS" start="2024-04-29T10:45:23.577650" elapsed="6.556468"/>
</kw>
<kw name="User verify about button result">
<kw name="Wait For Expected Condition" owner="SeleniumLibrary">
<arg>Url To Be</arg>
<arg>https://saucelabs.com/</arg>
<doc>Waits until ``condition`` is true or ``timeout`` expires.</doc>
<status status="PASS" start="2024-04-29T10:45:30.136112" elapsed="0.008978"/>
</kw>
<status status="PASS" start="2024-04-29T10:45:30.135116" elapsed="0.010971"/>
</kw>
<kw name="Close Browser" owner="SeleniumLibrary" type="TEARDOWN">
<doc>Closes the current browser.</doc>
<status status="PASS" start="2024-04-29T10:45:30.147084" elapsed="2.550298"/>
</kw>
<status status="PASS" start="2024-04-29T10:45:15.986946" elapsed="16.711316"/>
</test>
<status status="PASS" start="2024-04-29T10:45:15.642899" elapsed="17.058354"/>
</suite>
<statistics>
<total>
<stat pass="1" fail="0" skip="0">All Tests</stat>
</total>
<tag>
</tag>
<suite>
<stat pass="1" fail="0" skip="0" id="s1" name="actionOpenMenu">actionOpenMenu</stat>
</suite>
</statistics>
<errors>
</errors>
</robot>
