<?xml version="1.0" encoding="UTF-8"?>
<robot generator="Robot 7.0 (Python 3.8.3 on win32)" generated="2024-04-30T17:25:18.495731" rpa="false" schemaversion="5">
<suite id="s1" name="footerLinks" source="D:\belajar\swagLabs-RobotFramework\footerLinks.robot">
<test id="s1-t1" name="Twitter Footer Links" line="34">
<kw name="Open Browser" owner="SeleniumLibrary" type="SETUP">
<msg time="2024-04-30T17:25:19.257693" level="INFO">Opening browser 'chrome' to base url 'https://saucedemo.com/'.</msg>
<arg>${WebSauceDemo}</arg>
<arg>${BROWSER}</arg>
<doc>Opens a new browser instance to the optional ``url``.</doc>
<status status="PASS" start="2024-04-30T17:25:19.256697" elapsed="9.759200"/>
</kw>
<kw name="Maximize Browser Window" owner="SeleniumLibrary">
<doc>Maximizes current browser window.</doc>
<status status="PASS" start="2024-04-30T17:25:29.016896" elapsed="0.034907"/>
</kw>
<kw name="User have login">
<kw name="Input Text" owner="SeleniumLibrary">
<msg time="2024-04-30T17:25:29.053798" level="INFO">Typing text 'error_user' into text field '//input[@id='user-name']'.</msg>
<arg>${UsernameField}</arg>
<arg>error_user</arg>
<doc>Types the given ``text`` into the text field identified by ``locator``.</doc>
<status status="PASS" start="2024-04-30T17:25:29.052799" elapsed="0.177577"/>
</kw>
<kw name="Input Text" owner="SeleniumLibrary">
<msg time="2024-04-30T17:25:29.231412" level="INFO">Typing text 'secret_sauce' into text field '//input[@name='password']'.</msg>
<arg>${PasswordField}</arg>
<arg>secret_sauce</arg>
<doc>Types the given ``text`` into the text field identified by ``locator``.</doc>
<status status="PASS" start="2024-04-30T17:25:29.230376" elapsed="0.135638"/>
</kw>
<kw name="Click Element" owner="SeleniumLibrary">
<msg time="2024-04-30T17:25:29.367045" level="INFO">Clicking element '//input[@type='submit'][@value='Login']'.</msg>
<arg>${LoginButton}</arg>
<doc>Click the element identified by ``locator``.</doc>
<status status="PASS" start="2024-04-30T17:25:29.366014" elapsed="0.128654"/>
</kw>
<kw name="Sleep" owner="BuiltIn">
<msg time="2024-04-30T17:25:30.498107" level="INFO">Slept 1 second.</msg>
<arg>1s</arg>
<doc>Pauses the test executed for the given time.</doc>
<status status="PASS" start="2024-04-30T17:25:29.495666" elapsed="1.002441"/>
</kw>
<status status="PASS" start="2024-04-30T17:25:29.052799" elapsed="1.445308"/>
</kw>
<kw name="User verify twitter link button">
<kw name="Wait Until Element Is Visible" owner="SeleniumLibrary">
<arg>${TwitterButton}</arg>
<arg>10s</arg>
<doc>Waits until the element ``locator`` is visible.</doc>
<status status="PASS" start="2024-04-30T17:25:30.499980" elapsed="0.033944"/>
</kw>
<status status="PASS" start="2024-04-30T17:25:30.498986" elapsed="0.034938"/>
</kw>
<kw name="User click twitter link button">
<kw name="Click Element" owner="SeleniumLibrary">
<msg time="2024-04-30T17:25:30.535916" level="INFO">Clicking element '//a[@target='_blank'][text()[contains(., 'Twitter')]]'.</msg>
<arg>${TwitterButton}</arg>
<doc>Click the element identified by ``locator``.</doc>
<status status="PASS" start="2024-04-30T17:25:30.534888" elapsed="0.106714"/>
</kw>
<kw name="Sleep" owner="BuiltIn">
<msg time="2024-04-30T17:25:31.650906" level="INFO">Slept 1 second.</msg>
<arg>1s</arg>
<doc>Pauses the test executed for the given time.</doc>
<status status="PASS" start="2024-04-30T17:25:30.642601" elapsed="1.008305"/>
</kw>
<status status="PASS" start="2024-04-30T17:25:30.534888" elapsed="1.116018"/>
</kw>
<kw name="User verify twitter link result">
<kw name="Switch Window" owner="SeleniumLibrary">
<arg>NEW</arg>
<doc>Switches to browser window matching ``locator``.</doc>
<status status="PASS" start="2024-04-30T17:25:31.652898" elapsed="0.011969"/>
</kw>
<kw name="Wait For Expected Condition" owner="SeleniumLibrary">
<arg>Url To Be</arg>
<arg>https://twitter.com/saucelabs</arg>
<doc>Waits until ``condition`` is true or ``timeout`` expires.</doc>
<status status="PASS" start="2024-04-30T17:25:31.665900" elapsed="2.841365"/>
</kw>
<status status="PASS" start="2024-04-30T17:25:31.651900" elapsed="2.855365"/>
</kw>
<kw name="Close Browser" owner="SeleniumLibrary" type="TEARDOWN">
<doc>Closes the current browser.</doc>
<status status="PASS" start="2024-04-30T17:25:34.509262" elapsed="2.788704"/>
</kw>
<status status="PASS" start="2024-04-30T17:25:19.254666" elapsed="18.044179"/>
</test>
<status status="PASS" start="2024-04-30T17:25:18.498686" elapsed="18.803152"/>
</suite>
<statistics>
<total>
<stat pass="1" fail="0" skip="0">All Tests</stat>
</total>
<tag>
</tag>
<suite>
<stat pass="1" fail="0" skip="0" id="s1" name="footerLinks">footerLinks</stat>
</suite>
</statistics>
<errors>
</errors>
</robot>
