<?xml version="1.0" encoding="UTF-8"?>
<robot generator="Robot 7.0 (Python 3.8.3 on win32)" generated="2024-05-02T22:28:32.691430" rpa="false" schemaversion="5">
<suite id="s1" name="Login" source="D:\belajar\swagLabs-RobotFramework\step\login.robot">
<test id="s1-t1" name="User login with invalid account" line="45">
<kw name="Open Browser" owner="SeleniumLibrary" type="SETUP">
<msg time="2024-05-02T22:28:33.086623" level="INFO">Opening browser 'chrome' to base url 'https://saucedemo.com/'.</msg>
<arg>${WebSauceDemo}</arg>
<arg>${BROWSER}</arg>
<doc>Opens a new browser instance to the optional ``url``.</doc>
<status status="PASS" start="2024-05-02T22:28:33.085629" elapsed="13.053815"/>
</kw>
<kw name="Maximize Browser Window" owner="SeleniumLibrary">
<doc>Maximizes current browser window.</doc>
<status status="PASS" start="2024-05-02T22:28:46.140444" elapsed="0.027923"/>
</kw>
<kw name="Input invalid Username">
<kw name="Generate Random String" owner="String">
<msg time="2024-05-02T22:28:46.173358" level="INFO">${randomNumbers} = 6615</msg>
<var>${randomNumbers}</var>
<arg>4</arg>
<arg>[NUMBERS]</arg>
<doc>Generates a string with a desired ``length`` from the given ``chars``.</doc>
<status status="PASS" start="2024-05-02T22:28:46.171361" elapsed="0.001997"/>
</kw>
<kw name="Input Text" owner="SeleniumLibrary">
<msg time="2024-05-02T22:28:46.175348" level="INFO">Typing text 'this_is_wrong6615' into text field '//input[@id='user-name']'.</msg>
<arg>${UsernameField}</arg>
<arg>this_is_wrong${randomNumbers}</arg>
<doc>Types the given ``text`` into the text field identified by ``locator``.</doc>
<status status="PASS" start="2024-05-02T22:28:46.174352" elapsed="0.215422"/>
</kw>
<status status="PASS" start="2024-05-02T22:28:46.170361" elapsed="0.219413"/>
</kw>
<kw name="Input invalid Password">
<kw name="Generate Random String" owner="String">
<msg time="2024-05-02T22:28:46.393764" level="INFO">${randomNumbers} = 6517</msg>
<var>${randomNumbers}</var>
<arg>4</arg>
<arg>[NUMBERS]</arg>
<doc>Generates a string with a desired ``length`` from the given ``chars``.</doc>
<status status="PASS" start="2024-05-02T22:28:46.392768" elapsed="0.000996"/>
</kw>
<kw name="Input Text" owner="SeleniumLibrary">
<msg time="2024-05-02T22:28:46.395758" level="INFO">Typing text 'secret_agent6517' into text field '//input[@name='password']'.</msg>
<arg>${PasswordField}</arg>
<arg>secret_agent${randomNumbers}</arg>
<doc>Types the given ``text`` into the text field identified by ``locator``.</doc>
<status status="PASS" start="2024-05-02T22:28:46.394761" elapsed="0.185507"/>
</kw>
<status status="PASS" start="2024-05-02T22:28:46.391770" elapsed="0.188498"/>
</kw>
<kw name="Click button login">
<kw name="Click Element" owner="SeleniumLibrary">
<msg time="2024-05-02T22:28:46.584297" level="INFO">Clicking element '//input[@type='submit'][@value='Login']'.</msg>
<arg>${LoginButton}</arg>
<doc>Click the element identified by ``locator``.</doc>
<status status="PASS" start="2024-05-02T22:28:46.583262" elapsed="0.116757"/>
</kw>
<kw name="Sleep" owner="BuiltIn">
<msg time="2024-05-02T22:28:56.709634" level="INFO">Slept 10 seconds.</msg>
<arg>10s</arg>
<doc>Pauses the test executed for the given time.</doc>
<status status="PASS" start="2024-05-02T22:28:46.700504" elapsed="10.009130"/>
</kw>
<status status="PASS" start="2024-05-02T22:28:46.582260" elapsed="10.128292"/>
</kw>
<kw name="Get Error Message">
<kw name="Page Should Contain" owner="SeleniumLibrary">
<msg time="2024-05-02T22:28:56.755421" level="INFO">Current page contains text 'Epic sadface: Username and password do not match any user in this service'.</msg>
<arg>Epic sadface: Username and password do not match any user in this service</arg>
<doc>Verifies that current page contains ``text``.</doc>
<status status="PASS" start="2024-05-02T22:28:56.715529" elapsed="0.039892"/>
</kw>
<status status="PASS" start="2024-05-02T22:28:56.713535" elapsed="0.041886"/>
</kw>
<kw name="Close Browser" owner="SeleniumLibrary" type="TEARDOWN">
<doc>Closes the current browser.</doc>
<status status="PASS" start="2024-05-02T22:28:56.756418" elapsed="3.122793"/>
</kw>
<status status="PASS" start="2024-05-02T22:28:33.081602" elapsed="26.799177"/>
</test>
<status status="PASS" start="2024-05-02T22:28:32.694638" elapsed="27.192487"/>
</suite>
<statistics>
<total>
<stat pass="1" fail="0" skip="0">All Tests</stat>
</total>
<tag>
</tag>
<suite>
<stat pass="1" fail="0" skip="0" id="s1" name="Login">Login</stat>
</suite>
</statistics>
<errors>
</errors>
</robot>
