<?xml version="1.0" encoding="UTF-8"?>
<robot generator="Robot 7.0 (Python 3.8.3 on win32)" generated="2024-05-02T12:58:59.236479" rpa="false" schemaversion="5">
<suite id="s1" name="actionOpenMenu" source="D:\belajar\swagLabs-RobotFramework\step\actionOpenMenu.robot">
<test id="s1-t1" name="All Items Action Open Menu" line="72">
<kw name="Open Browser" owner="SeleniumLibrary" type="SETUP">
<msg time="2024-05-02T12:58:59.637362" level="INFO">Opening browser 'chrome' to base url 'https://saucedemo.com/'.</msg>
<arg>${WebSauceDemo}</arg>
<arg>${BROWSER}</arg>
<doc>Opens a new browser instance to the optional ``url``.</doc>
<status status="PASS" start="2024-05-02T12:58:59.636364" elapsed="12.015226"/>
</kw>
<kw name="Maximize Browser Window" owner="SeleniumLibrary">
<doc>Maximizes current browser window.</doc>
<status status="PASS" start="2024-05-02T12:59:11.653589" elapsed="0.033903"/>
</kw>
<kw name="User has logged in">
<kw name="Input Text" owner="SeleniumLibrary">
<msg time="2024-05-02T12:59:11.691482" level="INFO">Typing text 'error_user' into text field '//input[@id='user-name']'.</msg>
<arg>${UsernameField}</arg>
<arg>error_user</arg>
<doc>Types the given ``text`` into the text field identified by ``locator``.</doc>
<status status="PASS" start="2024-05-02T12:59:11.690488" elapsed="0.221446"/>
</kw>
<kw name="Input Text" owner="SeleniumLibrary">
<msg time="2024-05-02T12:59:11.913929" level="INFO">Typing text 'secret_sauce' into text field '//input[@name='password']'.</msg>
<arg>${PasswordField}</arg>
<arg>secret_sauce</arg>
<doc>Types the given ``text`` into the text field identified by ``locator``.</doc>
<status status="PASS" start="2024-05-02T12:59:11.913197" elapsed="0.168283"/>
</kw>
<kw name="Click Element" owner="SeleniumLibrary">
<msg time="2024-05-02T12:59:12.082511" level="INFO">Clicking element '//input[@type='submit'][@value='Login']'.</msg>
<arg>${LoginButton}</arg>
<doc>Click the element identified by ``locator``.</doc>
<status status="PASS" start="2024-05-02T12:59:12.082041" elapsed="0.140063"/>
</kw>
<kw name="Sleep" owner="BuiltIn">
<msg time="2024-05-02T12:59:13.232301" level="INFO">Slept 1 second.</msg>
<arg>1s</arg>
<doc>Pauses the test executed for the given time.</doc>
<status status="PASS" start="2024-05-02T12:59:12.222104" elapsed="1.010197"/>
</kw>
<status status="PASS" start="2024-05-02T12:59:11.689487" elapsed="1.542814"/>
</kw>
<kw name="User verify product to add to cart">
<kw name="Wait Until Element Is Visible" owner="SeleniumLibrary">
<arg>${AddSauceLabsBikeLight}</arg>
<arg>10s</arg>
<doc>Waits until the element ``locator`` is visible.</doc>
<status status="PASS" start="2024-05-02T12:59:13.235208" elapsed="0.049866"/>
</kw>
<status status="PASS" start="2024-05-02T12:59:13.234417" elapsed="0.051655"/>
</kw>
<kw name="User click add product to cart button">
<kw name="Click Element" owner="SeleniumLibrary">
<msg time="2024-05-02T12:59:13.289063" level="INFO">Clicking element 'name:add-to-cart-sauce-labs-bike-light'.</msg>
<arg>${AddSauceLabsBikeLight}</arg>
<doc>Click the element identified by ``locator``.</doc>
<status status="PASS" start="2024-05-02T12:59:13.288067" elapsed="0.099736"/>
</kw>
<kw name="Sleep" owner="BuiltIn">
<msg time="2024-05-02T12:59:14.401489" level="INFO">Slept 1 second.</msg>
<arg>1s</arg>
<doc>Pauses the test executed for the given time.</doc>
<status status="PASS" start="2024-05-02T12:59:13.387803" elapsed="1.013686"/>
</kw>
<status status="PASS" start="2024-05-02T12:59:13.287070" elapsed="1.115252"/>
</kw>
<kw name="User verify cart contents">
<kw name="Wait Until Element Is Visible" owner="SeleniumLibrary">
<arg>${ShoppingCartBadge1}</arg>
<arg>10s</arg>
<doc>Waits until the element ``locator`` is visible.</doc>
<status status="PASS" start="2024-05-02T12:59:14.407298" elapsed="0.065852"/>
</kw>
<status status="PASS" start="2024-05-02T12:59:14.404633" elapsed="0.069478"/>
</kw>
<kw name="User click cart button">
<kw name="Click Element" owner="SeleniumLibrary">
<msg time="2024-05-02T12:59:14.477103" level="INFO">Clicking element '//a[@class='shopping_cart_link']'.</msg>
<arg>${CartButton}</arg>
<doc>Click the element identified by ``locator``.</doc>
<status status="PASS" start="2024-05-02T12:59:14.476107" elapsed="0.085771"/>
</kw>
<kw name="Sleep" owner="BuiltIn">
<msg time="2024-05-02T12:59:15.576495" level="INFO">Slept 1 second.</msg>
<arg>1s</arg>
<doc>Pauses the test executed for the given time.</doc>
<status status="PASS" start="2024-05-02T12:59:14.561878" elapsed="1.014617"/>
</kw>
<status status="PASS" start="2024-05-02T12:59:14.475349" elapsed="1.101146"/>
</kw>
<kw name="User verify open menu link button">
<kw name="Wait Until Element Is Visible" owner="SeleniumLibrary">
<arg>${OpenMenuButton}</arg>
<arg>10s</arg>
<doc>Waits until the element ``locator`` is visible.</doc>
<status status="PASS" start="2024-05-02T12:59:15.579487" elapsed="0.031915"/>
</kw>
<status status="PASS" start="2024-05-02T12:59:15.578490" elapsed="0.033944"/>
</kw>
<kw name="User click open menu link button">
<kw name="Click Element" owner="SeleniumLibrary">
<msg time="2024-05-02T12:59:15.615522" level="INFO">Clicking element '//button[@id='react-burger-menu-btn'][text()[contains(., 'Open Menu')]]'.</msg>
<arg>${OpenMenuButton}</arg>
<doc>Click the element identified by ``locator``.</doc>
<status status="PASS" start="2024-05-02T12:59:15.614396" elapsed="0.073801"/>
</kw>
<kw name="Sleep" owner="BuiltIn">
<msg time="2024-05-02T12:59:16.696129" level="INFO">Slept 1 second.</msg>
<arg>1s</arg>
<doc>Pauses the test executed for the given time.</doc>
<status status="PASS" start="2024-05-02T12:59:15.688197" elapsed="1.007932"/>
</kw>
<status status="PASS" start="2024-05-02T12:59:15.613397" elapsed="1.083750"/>
</kw>
<kw name="User verify all items button">
<kw name="Wait Until Element Is Visible" owner="SeleniumLibrary">
<arg>${AllItemsButton}</arg>
<arg>10s</arg>
<doc>Waits until the element ``locator`` is visible.</doc>
<status status="PASS" start="2024-05-02T12:59:16.702113" elapsed="0.057844"/>
</kw>
<status status="PASS" start="2024-05-02T12:59:16.700082" elapsed="0.060881"/>
</kw>
<kw name="User click all items button">
<kw name="Click Element" owner="SeleniumLibrary">
<msg time="2024-05-02T12:59:16.763908" level="INFO">Clicking element 'id:inventory_sidebar_link'.</msg>
<arg>${AllItemsButton}</arg>
<doc>Click the element identified by ``locator``.</doc>
<status status="PASS" start="2024-05-02T12:59:16.763099" elapsed="0.100544"/>
</kw>
<kw name="Sleep" owner="BuiltIn">
<msg time="2024-05-02T12:59:17.866823" level="INFO">Slept 1 second.</msg>
<arg>1s</arg>
<doc>Pauses the test executed for the given time.</doc>
<status status="PASS" start="2024-05-02T12:59:16.864638" elapsed="1.003136"/>
</kw>
<status status="PASS" start="2024-05-02T12:59:16.761951" elapsed="1.105823"/>
</kw>
<kw name="User verify all items button result">
<kw name="Wait Until Element Is Visible" owner="SeleniumLibrary">
<arg>//span[@class='title'][contains(text(), 'Products')]</arg>
<arg>10s</arg>
<doc>Waits until the element ``locator`` is visible.</doc>
<status status="PASS" start="2024-05-02T12:59:17.872807" elapsed="0.064826"/>
</kw>
<status status="PASS" start="2024-05-02T12:59:17.869764" elapsed="0.068868"/>
</kw>
<kw name="Close Browser" owner="SeleniumLibrary" type="TEARDOWN">
<doc>Closes the current browser.</doc>
<status status="PASS" start="2024-05-02T12:59:17.940655" elapsed="3.115182"/>
</kw>
<status status="PASS" start="2024-05-02T12:58:59.633373" elapsed="21.423327"/>
</test>
<test id="s1-t2" name="About Action Open Menu" line="85">
<kw name="Open Browser" owner="SeleniumLibrary" type="SETUP">
<msg time="2024-05-02T12:59:21.060639" level="INFO">Opening browser 'chrome' to base url 'https://saucedemo.com/'.</msg>
<arg>${WebSauceDemo}</arg>
<arg>${BROWSER}</arg>
<doc>Opens a new browser instance to the optional ``url``.</doc>
<status status="PASS" start="2024-05-02T12:59:21.060639" elapsed="18.027323"/>
</kw>
<kw name="Maximize Browser Window" owner="SeleniumLibrary">
<doc>Maximizes current browser window.</doc>
<status status="PASS" start="2024-05-02T12:59:39.089958" elapsed="0.041890"/>
</kw>
<kw name="User has logged in">
<kw name="Input Text" owner="SeleniumLibrary">
<msg time="2024-05-02T12:59:39.134072" level="INFO">Typing text 'error_user' into text field '//input[@id='user-name']'.</msg>
<arg>${UsernameField}</arg>
<arg>error_user</arg>
<doc>Types the given ``text`` into the text field identified by ``locator``.</doc>
<status status="PASS" start="2024-05-02T12:59:39.134072" elapsed="0.220241"/>
</kw>
<kw name="Input Text" owner="SeleniumLibrary">
<msg time="2024-05-02T12:59:39.355273" level="INFO">Typing text 'secret_sauce' into text field '//input[@name='password']'.</msg>
<arg>${PasswordField}</arg>
<arg>secret_sauce</arg>
<doc>Types the given ``text`` into the text field identified by ``locator``.</doc>
<status status="PASS" start="2024-05-02T12:59:39.354313" elapsed="0.136598"/>
</kw>
<kw name="Click Element" owner="SeleniumLibrary">
<msg time="2024-05-02T12:59:39.492152" level="INFO">Clicking element '//input[@type='submit'][@value='Login']'.</msg>
<arg>${LoginButton}</arg>
<doc>Click the element identified by ``locator``.</doc>
<status status="PASS" start="2024-05-02T12:59:39.490911" elapsed="0.129653"/>
</kw>
<kw name="Sleep" owner="BuiltIn">
<msg time="2024-05-02T12:59:40.636989" level="INFO">Slept 1 second.</msg>
<arg>1s</arg>
<doc>Pauses the test executed for the given time.</doc>
<status status="PASS" start="2024-05-02T12:59:39.621586" elapsed="1.015403"/>
</kw>
<status status="PASS" start="2024-05-02T12:59:39.132843" elapsed="1.505126"/>
</kw>
<kw name="User verify open menu link button">
<kw name="Wait Until Element Is Visible" owner="SeleniumLibrary">
<arg>${OpenMenuButton}</arg>
<arg>10s</arg>
<doc>Waits until the element ``locator`` is visible.</doc>
<status status="PASS" start="2024-05-02T12:59:40.641954" elapsed="0.056798"/>
</kw>
<status status="PASS" start="2024-05-02T12:59:40.639962" elapsed="0.059835"/>
</kw>
<kw name="User click open menu link button">
<kw name="Click Element" owner="SeleniumLibrary">
<msg time="2024-05-02T12:59:40.702790" level="INFO">Clicking element '//button[@id='react-burger-menu-btn'][text()[contains(., 'Open Menu')]]'.</msg>
<arg>${OpenMenuButton}</arg>
<doc>Click the element identified by ``locator``.</doc>
<status status="PASS" start="2024-05-02T12:59:40.701782" elapsed="0.094712"/>
</kw>
<kw name="Sleep" owner="BuiltIn">
<msg time="2024-05-02T12:59:41.799300" level="INFO">Slept 1 second.</msg>
<arg>1s</arg>
<doc>Pauses the test executed for the given time.</doc>
<status status="PASS" start="2024-05-02T12:59:40.796859" elapsed="1.002441"/>
</kw>
<status status="PASS" start="2024-05-02T12:59:40.700796" elapsed="1.099479"/>
</kw>
<kw name="User verify about button">
<kw name="Wait Until Element Is Visible" owner="SeleniumLibrary">
<arg>${AboutButton}</arg>
<arg>10s</arg>
<doc>Waits until the element ``locator`` is visible.</doc>
<status status="PASS" start="2024-05-02T12:59:41.804214" elapsed="0.055885"/>
</kw>
<status status="PASS" start="2024-05-02T12:59:41.802269" elapsed="0.057830"/>
</kw>
<kw name="User click about button">
<kw name="Click Element" owner="SeleniumLibrary">
<msg time="2024-05-02T12:59:41.862085" level="INFO">Clicking element 'id:about_sidebar_link'.</msg>
<arg>${AboutButton}</arg>
<doc>Click the element identified by ``locator``.</doc>
<status status="PASS" start="2024-05-02T12:59:41.862085" elapsed="27.290166"/>
</kw>
<kw name="Sleep" owner="BuiltIn">
<msg time="2024-05-02T13:00:10.166788" level="INFO">Slept 1 second.</msg>
<arg>1s</arg>
<doc>Pauses the test executed for the given time.</doc>
<status status="PASS" start="2024-05-02T13:00:09.152251" elapsed="1.015077"/>
</kw>
<status status="PASS" start="2024-05-02T12:59:41.861062" elapsed="28.306266"/>
</kw>
<kw name="User verify about button result">
<kw name="Wait For Expected Condition" owner="SeleniumLibrary">
<arg>Url To Be</arg>
<arg>https://saucelabs.com/</arg>
<doc>Waits until ``condition`` is true or ``timeout`` expires.</doc>
<status status="PASS" start="2024-05-02T13:00:10.172361" elapsed="0.025921"/>
</kw>
<status status="PASS" start="2024-05-02T13:00:10.169369" elapsed="0.029876"/>
</kw>
<kw name="Close Browser" owner="SeleniumLibrary" type="TEARDOWN">
<doc>Closes the current browser.</doc>
<status status="PASS" start="2024-05-02T13:00:10.202233" elapsed="3.283782"/>
</kw>
<status status="PASS" start="2024-05-02T12:59:21.059719" elapsed="52.429053"/>
</test>
<test id="s1-t3" name="Reset App State Action Open Menu" line="94">
<kw name="Open Browser" owner="SeleniumLibrary" type="SETUP">
<msg time="2024-05-02T13:00:13.497746" level="INFO">Opening browser 'chrome' to base url 'https://saucedemo.com/'.</msg>
<arg>${WebSauceDemo}</arg>
<arg>${BROWSER}</arg>
<doc>Opens a new browser instance to the optional ``url``.</doc>
<status status="PASS" start="2024-05-02T13:00:13.496796" elapsed="17.145914"/>
</kw>
<kw name="Maximize Browser Window" owner="SeleniumLibrary">
<doc>Maximizes current browser window.</doc>
<status status="PASS" start="2024-05-02T13:00:30.644701" elapsed="0.031912"/>
</kw>
<kw name="User has logged in">
<kw name="Input Text" owner="SeleniumLibrary">
<msg time="2024-05-02T13:00:30.678609" level="INFO">Typing text 'error_user' into text field '//input[@id='user-name']'.</msg>
<arg>${UsernameField}</arg>
<arg>error_user</arg>
<doc>Types the given ``text`` into the text field identified by ``locator``.</doc>
<status status="PASS" start="2024-05-02T13:00:30.678609" elapsed="0.179521"/>
</kw>
<kw name="Input Text" owner="SeleniumLibrary">
<msg time="2024-05-02T13:00:30.859125" level="INFO">Typing text 'secret_sauce' into text field '//input[@name='password']'.</msg>
<arg>${PasswordField}</arg>
<arg>secret_sauce</arg>
<doc>Types the given ``text`` into the text field identified by ``locator``.</doc>
<status status="PASS" start="2024-05-02T13:00:30.859125" elapsed="0.135673"/>
</kw>
<kw name="Click Element" owner="SeleniumLibrary">
<msg time="2024-05-02T13:00:30.995810" level="INFO">Clicking element '//input[@type='submit'][@value='Login']'.</msg>
<arg>${LoginButton}</arg>
<doc>Click the element identified by ``locator``.</doc>
<status status="PASS" start="2024-05-02T13:00:30.994798" elapsed="0.132609"/>
</kw>
<kw name="Sleep" owner="BuiltIn">
<msg time="2024-05-02T13:00:32.134902" level="INFO">Slept 1 second.</msg>
<arg>1s</arg>
<doc>Pauses the test executed for the given time.</doc>
<status status="PASS" start="2024-05-02T13:00:31.127407" elapsed="1.007495"/>
</kw>
<status status="PASS" start="2024-05-02T13:00:30.677611" elapsed="1.457291"/>
</kw>
<kw name="User verify product to add to cart">
<kw name="Wait Until Element Is Visible" owner="SeleniumLibrary">
<arg>${AddSauceLabsBikeLight}</arg>
<arg>10s</arg>
<doc>Waits until the element ``locator`` is visible.</doc>
<status status="PASS" start="2024-05-02T13:00:32.136865" elapsed="0.031912"/>
</kw>
<status status="PASS" start="2024-05-02T13:00:32.135868" elapsed="0.033907"/>
</kw>
<kw name="User click add product to cart button">
<kw name="Click Element" owner="SeleniumLibrary">
<msg time="2024-05-02T13:00:32.172769" level="INFO">Clicking element 'name:add-to-cart-sauce-labs-bike-light'.</msg>
<arg>${AddSauceLabsBikeLight}</arg>
<doc>Click the element identified by ``locator``.</doc>
<status status="PASS" start="2024-05-02T13:00:32.171772" elapsed="0.065826"/>
</kw>
<kw name="Sleep" owner="BuiltIn">
<msg time="2024-05-02T13:00:33.251900" level="INFO">Slept 1 second.</msg>
<arg>1s</arg>
<doc>Pauses the test executed for the given time.</doc>
<status status="PASS" start="2024-05-02T13:00:32.237598" elapsed="1.014302"/>
</kw>
<status status="PASS" start="2024-05-02T13:00:32.170782" elapsed="1.081761"/>
</kw>
<kw name="User verify cart contents">
<kw name="Wait Until Element Is Visible" owner="SeleniumLibrary">
<arg>${ShoppingCartBadge1}</arg>
<arg>10s</arg>
<doc>Waits until the element ``locator`` is visible.</doc>
<status status="PASS" start="2024-05-02T13:00:33.256526" elapsed="0.067816"/>
</kw>
<status status="PASS" start="2024-05-02T13:00:33.254591" elapsed="0.070747"/>
</kw>
<kw name="User click open menu link button">
<kw name="Click Element" owner="SeleniumLibrary">
<msg time="2024-05-02T13:00:33.328370" level="INFO">Clicking element '//button[@id='react-burger-menu-btn'][text()[contains(., 'Open Menu')]]'.</msg>
<arg>${OpenMenuButton}</arg>
<doc>Click the element identified by ``locator``.</doc>
<status status="PASS" start="2024-05-02T13:00:33.327369" elapsed="0.081747"/>
</kw>
<kw name="Sleep" owner="BuiltIn">
<msg time="2024-05-02T13:00:34.416541" level="INFO">Slept 1 second.</msg>
<arg>1s</arg>
<doc>Pauses the test executed for the given time.</doc>
<status status="PASS" start="2024-05-02T13:00:33.410142" elapsed="1.006399"/>
</kw>
<status status="PASS" start="2024-05-02T13:00:33.326336" elapsed="1.091151"/>
</kw>
<kw name="User verify reset app state button">
<kw name="Wait Until Element Is Visible" owner="SeleniumLibrary">
<arg>${ResetAppStateButton}</arg>
<arg>10s</arg>
<doc>Waits until the element ``locator`` is visible.</doc>
<status status="PASS" start="2024-05-02T13:00:34.422535" elapsed="0.054825"/>
</kw>
<status status="PASS" start="2024-05-02T13:00:34.420150" elapsed="0.058209"/>
</kw>
<kw name="User click reset app state button">
<kw name="Click Element" owner="SeleniumLibrary">
<msg time="2024-05-02T13:00:34.480436" level="INFO">Clicking element 'id:reset_sidebar_link'.</msg>
<arg>${ResetAppStateButton}</arg>
<doc>Click the element identified by ``locator``.</doc>
<status status="PASS" start="2024-05-02T13:00:34.479345" elapsed="0.080967"/>
</kw>
<kw name="Sleep" owner="BuiltIn">
<msg time="2024-05-02T13:00:35.563349" level="INFO">Slept 1 second.</msg>
<arg>1s</arg>
<doc>Pauses the test executed for the given time.</doc>
<status status="PASS" start="2024-05-02T13:00:34.561104" elapsed="1.002245"/>
</kw>
<status status="PASS" start="2024-05-02T13:00:34.479345" elapsed="1.084928"/>
</kw>
<kw name="User verify reset app state result">
<kw name="Wait Until Element Is Not Visible" owner="SeleniumLibrary">
<arg>${ShoppingCartBadge1}</arg>
<arg>10s</arg>
<doc>Waits until the element ``locator`` is not visible.</doc>
<status status="PASS" start="2024-05-02T13:00:35.570315" elapsed="0.031855"/>
</kw>
<status status="PASS" start="2024-05-02T13:00:35.567271" elapsed="0.036076"/>
</kw>
<kw name="Close Browser" owner="SeleniumLibrary" type="TEARDOWN">
<doc>Closes the current browser.</doc>
<status status="PASS" start="2024-05-02T13:00:35.605161" elapsed="2.441080"/>
</kw>
<status status="PASS" start="2024-05-02T13:00:13.493762" elapsed="24.554242"/>
</test>
<status status="PASS" start="2024-05-02T12:58:59.238462" elapsed="98.816527"/>
</suite>
<statistics>
<total>
<stat pass="3" fail="0" skip="0">All Tests</stat>
</total>
<tag>
</tag>
<suite>
<stat pass="3" fail="0" skip="0" id="s1" name="actionOpenMenu">actionOpenMenu</stat>
</suite>
</statistics>
<errors>
</errors>
</robot>
