<?xml version="1.0" encoding="UTF-8"?>
<robot generator="Robot 7.0 (Python 3.8.3 on win32)" generated="2024-04-28T20:52:12.136421" rpa="false" schemaversion="5">
<suite id="s1" name="actionCart" source="D:\belajar\swagLabs-RobotFramework\actionCart.robot">
<test id="s1-t1" name="Data Error Checkout" line="205">
<kw name="Open Browser" owner="SeleniumLibrary" type="SETUP">
<msg time="2024-04-28T20:52:12.544358" level="INFO">Opening browser 'chrome' to base url 'https://saucedemo.com/'.</msg>
<arg>${WebSauceDemo}</arg>
<arg>${BROWSER}</arg>
<doc>Opens a new browser instance to the optional ``url``.</doc>
<status status="PASS" start="2024-04-28T20:52:12.544358" elapsed="9.856403"/>
</kw>
<kw name="Maximize Browser Window" owner="SeleniumLibrary">
<doc>Maximizes current browser window.</doc>
<status status="PASS" start="2024-04-28T20:52:22.401758" elapsed="0.035906"/>
</kw>
<kw name="Input Username">
<kw name="Input Text" owner="SeleniumLibrary">
<msg time="2024-04-28T20:52:22.440689" level="INFO">Typing text 'performance_glitch_user' into text field '//input[@id='user-name']'.</msg>
<arg>${UsernameField}</arg>
<arg>performance_glitch_user</arg>
<doc>Types the given ``text`` into the text field identified by ``locator``.</doc>
<status status="PASS" start="2024-04-28T20:52:22.440689" elapsed="0.212397"/>
</kw>
<status status="PASS" start="2024-04-28T20:52:22.439691" elapsed="0.214480"/>
</kw>
<kw name="Input Password">
<kw name="Input Text" owner="SeleniumLibrary">
<msg time="2024-04-28T20:52:22.656079" level="INFO">Typing text 'secret_sauce' into text field '//input[@name='password']'.</msg>
<arg>${PasswordField}</arg>
<arg>secret_sauce</arg>
<doc>Types the given ``text`` into the text field identified by ``locator``.</doc>
<status status="PASS" start="2024-04-28T20:52:22.655080" elapsed="0.169594"/>
</kw>
<status status="PASS" start="2024-04-28T20:52:22.655080" elapsed="0.169594"/>
</kw>
<kw name="Click button login">
<kw name="Click Element" owner="SeleniumLibrary">
<msg time="2024-04-28T20:52:22.827716" level="INFO">Clicking element '//input[@type='submit'][@value='Login']'.</msg>
<arg>${LoginButton}</arg>
<doc>Click the element identified by ``locator``.</doc>
<status status="PASS" start="2024-04-28T20:52:22.826671" elapsed="5.135266"/>
</kw>
<kw name="Sleep" owner="BuiltIn">
<msg time="2024-04-28T20:52:28.963090" level="INFO">Slept 1 second.</msg>
<arg>1s</arg>
<doc>Pauses the test executed for the given time.</doc>
<status status="PASS" start="2024-04-28T20:52:27.961937" elapsed="1.001153"/>
</kw>
<status status="PASS" start="2024-04-28T20:52:22.825670" elapsed="6.138266"/>
</kw>
<kw name="Verify products to add to cart">
<kw name="Wait Until Element Is Visible" owner="SeleniumLibrary">
<arg>${AddSauceLabsBackpack}</arg>
<arg>10s</arg>
<doc>Waits until the element ``locator`` is visible.</doc>
<status status="PASS" start="2024-04-28T20:52:28.967881" elapsed="0.051011"/>
</kw>
<status status="PASS" start="2024-04-28T20:52:28.965931" elapsed="0.052961"/>
</kw>
<kw name="Click Add Products To Cart">
<kw name="Click Element" owner="SeleniumLibrary">
<msg time="2024-04-28T20:52:29.021769" level="INFO">Clicking element 'id:add-to-cart-sauce-labs-backpack'.</msg>
<arg>${AddSauceLabsBackpack}</arg>
<doc>Click the element identified by ``locator``.</doc>
<status status="PASS" start="2024-04-28T20:52:29.021769" elapsed="0.092715"/>
</kw>
<kw name="Wait Until Element Is Visible" owner="SeleniumLibrary">
<arg>${ShoppingCartBadge1}</arg>
<arg>10s</arg>
<doc>Waits until the element ``locator`` is visible.</doc>
<status status="PASS" start="2024-04-28T20:52:29.114484" elapsed="0.043885"/>
</kw>
<kw name="Click Element" owner="SeleniumLibrary">
<msg time="2024-04-28T20:52:29.159415" level="INFO">Clicking element 'name:add-to-cart-sauce-labs-bike-light'.</msg>
<arg>${AddSauceLabsBikeLight}</arg>
<doc>Click the element identified by ``locator``.</doc>
<status status="PASS" start="2024-04-28T20:52:29.159415" elapsed="0.090743"/>
</kw>
<kw name="Wait Until Element Is Visible" owner="SeleniumLibrary">
<arg>${ShoppingCartBadge2}</arg>
<arg>10s</arg>
<doc>Waits until the element ``locator`` is visible.</doc>
<status status="PASS" start="2024-04-28T20:52:29.250158" elapsed="0.035904"/>
</kw>
<kw name="Click Element" owner="SeleniumLibrary">
<msg time="2024-04-28T20:52:29.287093" level="INFO">Clicking element 'id:add-to-cart-sauce-labs-bolt-t-shirt'.</msg>
<arg>${AddSauceLabsBoltT-Shirt}</arg>
<doc>Click the element identified by ``locator``.</doc>
<status status="PASS" start="2024-04-28T20:52:29.286062" elapsed="0.069885"/>
</kw>
<kw name="Wait Until Element Is Visible" owner="SeleniumLibrary">
<arg>${ShoppingCartBadge3}</arg>
<arg>10s</arg>
<doc>Waits until the element ``locator`` is visible.</doc>
<status status="PASS" start="2024-04-28T20:52:29.356873" elapsed="0.038948"/>
</kw>
<kw name="Click Element" owner="SeleniumLibrary">
<msg time="2024-04-28T20:52:29.396815" level="INFO">Clicking element 'name:add-to-cart-sauce-labs-fleece-jacket'.</msg>
<arg>${AddSauceLabsFleeceJacket}</arg>
<doc>Click the element identified by ``locator``.</doc>
<status status="PASS" start="2024-04-28T20:52:29.396815" elapsed="0.090709"/>
</kw>
<kw name="Wait Until Element Is Visible" owner="SeleniumLibrary">
<arg>${ShoppingCartBadge4}</arg>
<arg>10s</arg>
<doc>Waits until the element ``locator`` is visible.</doc>
<status status="PASS" start="2024-04-28T20:52:29.487524" elapsed="0.039940"/>
</kw>
<kw name="Click Element" owner="SeleniumLibrary">
<msg time="2024-04-28T20:52:29.528415" level="INFO">Clicking element 'id:add-to-cart-sauce-labs-onesie'.</msg>
<arg>${AddSauceLabsOnesie}</arg>
<doc>Click the element identified by ``locator``.</doc>
<status status="PASS" start="2024-04-28T20:52:29.528415" elapsed="0.076793"/>
</kw>
<kw name="Wait Until Element Is Visible" owner="SeleniumLibrary">
<arg>${ShoppingCartBadge5}</arg>
<arg>10s</arg>
<doc>Waits until the element ``locator`` is visible.</doc>
<status status="PASS" start="2024-04-28T20:52:29.606206" elapsed="0.038946"/>
</kw>
<kw name="Click Element" owner="SeleniumLibrary">
<msg time="2024-04-28T20:52:29.646149" level="INFO">Clicking element 'name:add-to-cart-test.allthethings()-t-shirt-(red)'.</msg>
<arg>${AddTest.allTheThings()T-Shirt(Red)}</arg>
<doc>Click the element identified by ``locator``.</doc>
<status status="PASS" start="2024-04-28T20:52:29.645152" elapsed="0.095695"/>
</kw>
<status status="PASS" start="2024-04-28T20:52:29.020774" elapsed="0.721119"/>
</kw>
<kw name="Verifies The Number Of Products Added">
<kw name="Wait Until Element Is Visible" owner="SeleniumLibrary">
<arg>${ShoppingCartBadge6}</arg>
<arg>10s</arg>
<doc>Waits until the element ``locator`` is visible.</doc>
<status status="PASS" start="2024-04-28T20:52:29.744835" elapsed="0.039895"/>
</kw>
<status status="PASS" start="2024-04-28T20:52:29.743839" elapsed="0.041939"/>
</kw>
<kw name="Click The Cart Button">
<kw name="Click Element" owner="SeleniumLibrary">
<msg time="2024-04-28T20:52:29.788769" level="INFO">Clicking element '//a[@class='shopping_cart_link']'.</msg>
<arg>${CartButton}</arg>
<doc>Click the element identified by ``locator``.</doc>
<status status="PASS" start="2024-04-28T20:52:29.787770" elapsed="0.134593"/>
</kw>
<kw name="Sleep" owner="BuiltIn">
<msg time="2024-04-28T20:52:30.929446" level="INFO">Slept 1 second.</msg>
<arg>1s</arg>
<doc>Pauses the test executed for the given time.</doc>
<status status="PASS" start="2024-04-28T20:52:29.922363" elapsed="1.007083"/>
</kw>
<status status="PASS" start="2024-04-28T20:52:29.786765" elapsed="1.143445"/>
</kw>
<kw name="Verify Checkout Button">
<kw name="Wait Until Element Is Visible" owner="SeleniumLibrary">
<arg>${CheckoutButton}</arg>
<arg>10s</arg>
<doc>Waits until the element ``locator`` is visible.</doc>
<status status="PASS" start="2024-04-28T20:52:30.935144" elapsed="0.061862"/>
</kw>
<status status="PASS" start="2024-04-28T20:52:30.933205" elapsed="0.063801"/>
</kw>
<kw name="Click Checkout Button">
<kw name="Click Element" owner="SeleniumLibrary">
<msg time="2024-04-28T20:52:31.000003" level="INFO">Clicking element '//button[@class='btn btn_action btn_medium checkout_button '][text()[contains(., 'Checkout')]]'.</msg>
<arg>${CheckoutButton}</arg>
<doc>Click the element identified by ``locator``.</doc>
<status status="PASS" start="2024-04-28T20:52:30.999005" elapsed="0.084734"/>
</kw>
<kw name="Sleep" owner="BuiltIn">
<msg time="2024-04-28T20:52:32.087337" level="INFO">Slept 1 second.</msg>
<arg>1s</arg>
<doc>Pauses the test executed for the given time.</doc>
<status status="PASS" start="2024-04-28T20:52:31.084739" elapsed="1.002598"/>
</kw>
<status status="PASS" start="2024-04-28T20:52:30.997970" elapsed="1.089367"/>
</kw>
<kw name="Verify personal data checkout page">
<kw name="Wait Until Element Is Visible" owner="SeleniumLibrary">
<arg>${FirstNameField}</arg>
<arg>10s</arg>
<doc>Waits until the element ``locator`` is visible.</doc>
<status status="PASS" start="2024-04-28T20:52:32.090330" elapsed="0.032944"/>
</kw>
<kw name="Wait Until Element Is Visible" owner="SeleniumLibrary">
<arg>${LastNameField}</arg>
<arg>10s</arg>
<doc>Waits until the element ``locator`` is visible.</doc>
<status status="PASS" start="2024-04-28T20:52:32.124240" elapsed="0.038941"/>
</kw>
<kw name="Wait Until Element Is Visible" owner="SeleniumLibrary">
<arg>${Zip_PostalCodeField}</arg>
<arg>10s</arg>
<doc>Waits until the element ``locator`` is visible.</doc>
<status status="PASS" start="2024-04-28T20:52:32.164186" elapsed="0.037890"/>
</kw>
<kw name="Wait Until Element Is Visible" owner="SeleniumLibrary">
<arg>${ContinueButton}</arg>
<arg>10s</arg>
<doc>Waits until the element ``locator`` is visible.</doc>
<status status="PASS" start="2024-04-28T20:52:32.203075" elapsed="0.036901"/>
</kw>
<status status="PASS" start="2024-04-28T20:52:32.089611" elapsed="0.150365"/>
</kw>
<kw name="Click continue button">
<kw name="Click Element" owner="SeleniumLibrary">
<msg time="2024-04-28T20:52:32.244035" level="INFO">Clicking element 'name:continue'.</msg>
<arg>${ContinueButton}</arg>
<doc>Click the element identified by ``locator``.</doc>
<status status="PASS" start="2024-04-28T20:52:32.242950" elapsed="0.145623"/>
</kw>
<kw name="Sleep" owner="BuiltIn">
<msg time="2024-04-28T20:52:33.401275" level="INFO">Slept 1 second.</msg>
<arg>1s</arg>
<doc>Pauses the test executed for the given time.</doc>
<status status="PASS" start="2024-04-28T20:52:32.389527" elapsed="1.011748"/>
</kw>
<status status="PASS" start="2024-04-28T20:52:32.241958" elapsed="1.160292"/>
</kw>
<kw name="Get Data Error Message">
<kw name="Wait Until Element Is Visible" owner="SeleniumLibrary">
<arg>//div[@class='error-message-container error']</arg>
<arg>10s</arg>
<doc>Waits until the element ``locator`` is visible.</doc>
<status status="PASS" start="2024-04-28T20:52:33.406195" elapsed="0.063825"/>
</kw>
<status status="PASS" start="2024-04-28T20:52:33.404197" elapsed="0.066872"/>
</kw>
<kw name="Close Browser" owner="SeleniumLibrary" type="TEARDOWN">
<doc>Closes the current browser.</doc>
<status status="PASS" start="2024-04-28T20:52:33.473053" elapsed="2.601643"/>
</kw>
<status status="PASS" start="2024-04-28T20:52:12.541366" elapsed="23.534362"/>
</test>
<status status="PASS" start="2024-04-28T20:52:12.139378" elapsed="23.945291"/>
</suite>
<statistics>
<total>
<stat pass="1" fail="0" skip="0">All Tests</stat>
</total>
<tag>
</tag>
<suite>
<stat pass="1" fail="0" skip="0" id="s1" name="actionCart">actionCart</stat>
</suite>
</statistics>
<errors>
</errors>
</robot>
