<?xml version="1.0" encoding="UTF-8"?>
<robot generator="Robot 7.0 (Python 3.8.3 on win32)" generated="2024-04-30T18:09:31.759526" rpa="false" schemaversion="5">
<suite id="s1" name="productFilters" source="D:\belajar\swagLabs-RobotFramework\productFilters.robot">
<test id="s1-t1" name="Ascending Name Product Filters" line="40">
<kw name="Open Browser" owner="SeleniumLibrary" type="SETUP">
<msg time="2024-04-30T18:09:32.171983" level="INFO">Opening browser 'chrome' to base url 'https://saucedemo.com/'.</msg>
<arg>${WebSauceDemo}</arg>
<arg>${BROWSER}</arg>
<doc>Opens a new browser instance to the optional ``url``.</doc>
<status status="PASS" start="2024-04-30T18:09:32.170983" elapsed="5.571171"/>
</kw>
<kw name="Maximize Browser Window" owner="SeleniumLibrary">
<doc>Maximizes current browser window.</doc>
<status status="PASS" start="2024-04-30T18:09:37.744184" elapsed="0.035866"/>
</kw>
<kw name="User is on products page">
<kw name="Input Text" owner="SeleniumLibrary">
<msg time="2024-04-30T18:09:37.784042" level="INFO">Typing text 'error_user' into text field '//input[@id='user-name']'.</msg>
<arg>${UsernameField}</arg>
<arg>error_user</arg>
<doc>Types the given ``text`` into the text field identified by ``locator``.</doc>
<status status="PASS" start="2024-04-30T18:09:37.783085" elapsed="0.241313"/>
</kw>
<kw name="Input Text" owner="SeleniumLibrary">
<msg time="2024-04-30T18:09:38.025396" level="INFO">Typing text 'secret_sauce' into text field '//input[@name='password']'.</msg>
<arg>${PasswordField}</arg>
<arg>secret_sauce</arg>
<doc>Types the given ``text`` into the text field identified by ``locator``.</doc>
<status status="PASS" start="2024-04-30T18:09:38.025396" elapsed="0.179561"/>
</kw>
<kw name="Click Element" owner="SeleniumLibrary">
<msg time="2024-04-30T18:09:38.206158" level="INFO">Clicking element '//input[@type='submit'][@value='Login']'.</msg>
<arg>${LoginButton}</arg>
<doc>Click the element identified by ``locator``.</doc>
<status status="PASS" start="2024-04-30T18:09:38.204957" elapsed="0.153591"/>
</kw>
<kw name="Sleep" owner="BuiltIn">
<msg time="2024-04-30T18:09:39.362792" level="INFO">Slept 1 second.</msg>
<arg>1s</arg>
<doc>Pauses the test executed for the given time.</doc>
<status status="PASS" start="2024-04-30T18:09:38.359569" elapsed="1.003223"/>
</kw>
<kw name="Wait Until Element Is Visible" owner="SeleniumLibrary">
<arg>${ProductSortButton}</arg>
<arg>10s</arg>
<doc>Waits until the element ``locator`` is visible.</doc>
<status status="PASS" start="2024-04-30T18:09:39.363668" elapsed="0.048820"/>
</kw>
<status status="PASS" start="2024-04-30T18:09:37.782629" elapsed="1.630858"/>
</kw>
<kw name="User click product sort button">
<kw name="Click Element" owner="SeleniumLibrary">
<msg time="2024-04-30T18:09:39.416477" level="INFO">Clicking element '//select[@class='product_sort_container']'.</msg>
<arg>${ProductSortButton}</arg>
<doc>Click the element identified by ``locator``.</doc>
<status status="PASS" start="2024-04-30T18:09:39.415479" elapsed="0.091755"/>
</kw>
<kw name="Sleep" owner="BuiltIn">
<msg time="2024-04-30T18:09:40.516356" level="INFO">Slept 1 second.</msg>
<arg>1s</arg>
<doc>Pauses the test executed for the given time.</doc>
<status status="PASS" start="2024-04-30T18:09:39.507755" elapsed="1.008601"/>
</kw>
<status status="PASS" start="2024-04-30T18:09:39.414482" elapsed="1.102566"/>
</kw>
<kw name="User verify ascending name product sort option">
<kw name="Wait Until Element Is Visible" owner="SeleniumLibrary">
<arg>${AscNameProductSortOption}</arg>
<arg>10s</arg>
<doc>Waits until the element ``locator`` is visible.</doc>
<status status="PASS" start="2024-04-30T18:09:40.521032" elapsed="0.064419"/>
</kw>
<status status="PASS" start="2024-04-30T18:09:40.519034" elapsed="0.066865"/>
</kw>
<kw name="User click ascending name product sort option">
<kw name="Click Element" owner="SeleniumLibrary">
<msg time="2024-04-30T18:09:40.587853" level="INFO">Clicking element '//option[@value='az']'.</msg>
<arg>${AscNameProductSortOption}</arg>
<doc>Click the element identified by ``locator``.</doc>
<status status="PASS" start="2024-04-30T18:09:40.587853" elapsed="0.063886"/>
</kw>
<kw name="Sleep" owner="BuiltIn">
<msg time="2024-04-30T18:09:41.656848" level="INFO">Slept 1 second.</msg>
<arg>1s</arg>
<doc>Pauses the test executed for the given time.</doc>
<status status="PASS" start="2024-04-30T18:09:40.652785" elapsed="1.004063"/>
</kw>
<status status="PASS" start="2024-04-30T18:09:40.586849" elapsed="1.070964"/>
</kw>
<kw name="User verify ascending name product sort result">
<kw name="Wait Until Element Is Visible" owner="SeleniumLibrary">
<arg>//div[@class='inventory_item'][contains(., 'Sauce Labs Backpack')]</arg>
<arg>10s</arg>
<doc>Waits until the element ``locator`` is visible.</doc>
<status status="PASS" start="2024-04-30T18:09:41.661951" elapsed="0.072653"/>
</kw>
<status status="PASS" start="2024-04-30T18:09:41.659858" elapsed="0.075711"/>
</kw>
<kw name="Close Browser" owner="SeleniumLibrary" type="TEARDOWN">
<doc>Closes the current browser.</doc>
<status status="PASS" start="2024-04-30T18:09:41.737558" elapsed="2.671051"/>
</kw>
<status status="PASS" start="2024-04-30T18:09:32.168953" elapsed="12.241347"/>
</test>
<status status="PASS" start="2024-04-30T18:09:31.762043" elapsed="12.654184"/>
</suite>
<statistics>
<total>
<stat pass="1" fail="0" skip="0">All Tests</stat>
</total>
<tag>
</tag>
<suite>
<stat pass="1" fail="0" skip="0" id="s1" name="productFilters">productFilters</stat>
</suite>
</statistics>
<errors>
</errors>
</robot>
