<?xml version="1.0" encoding="UTF-8"?>
<robot generator="Robot 7.0 (Python 3.8.3 on win32)" generated="2024-05-03T10:22:49.824925" rpa="false" schemaversion="5">
<suite id="s1" name="actionCart" source="D:\belajar\swagLabs-RobotFramework\step\actionCart.robot">
<test id="s1-t1" name="Cancel Checkout" line="169">
<kw name="Open Browser" owner="SeleniumLibrary" type="SETUP">
<msg time="2024-05-03T10:22:50.281779" level="INFO">Opening browser 'chrome' to base url 'https://saucedemo.com/'.</msg>
<arg>${WebSauceDemo}</arg>
<arg>${BROWSER}</arg>
<doc>Opens a new browser instance to the optional ``url``.</doc>
<status status="PASS" start="2024-05-03T10:22:50.280704" elapsed="9.176503"/>
</kw>
<kw name="Maximize Browser Window" owner="SeleniumLibrary">
<doc>Maximizes current browser window.</doc>
<status status="PASS" start="2024-05-03T10:22:59.458204" elapsed="0.042891"/>
</kw>
<kw name="Input Username">
<kw name="Input Text" owner="SeleniumLibrary">
<msg time="2024-05-03T10:22:59.505079" level="INFO">Typing text 'performance_glitch_user' into text field '//input[@id='user-name']'.</msg>
<arg>${UsernameField}</arg>
<arg>performance_glitch_user</arg>
<doc>Types the given ``text`` into the text field identified by ``locator``.</doc>
<status status="PASS" start="2024-05-03T10:22:59.504115" elapsed="0.241356"/>
</kw>
<status status="PASS" start="2024-05-03T10:22:59.503083" elapsed="0.242388"/>
</kw>
<kw name="Input Password">
<kw name="Input Text" owner="SeleniumLibrary">
<msg time="2024-05-03T10:22:59.748477" level="INFO">Typing text 'secret_sauce' into text field '//input[@name='password']'.</msg>
<arg>${PasswordField}</arg>
<arg>secret_sauce</arg>
<doc>Types the given ``text`` into the text field identified by ``locator``.</doc>
<status status="PASS" start="2024-05-03T10:22:59.747430" elapsed="0.184507"/>
</kw>
<status status="PASS" start="2024-05-03T10:22:59.746431" elapsed="0.185506"/>
</kw>
<kw name="Click button login">
<kw name="Click Element" owner="SeleniumLibrary">
<msg time="2024-05-03T10:22:59.933933" level="INFO">Clicking element '//input[@type='submit'][@value='Login']'.</msg>
<arg>${LoginButton}</arg>
<doc>Click the element identified by ``locator``.</doc>
<status status="PASS" start="2024-05-03T10:22:59.933933" elapsed="5.137850"/>
</kw>
<kw name="Sleep" owner="BuiltIn">
<msg time="2024-05-03T10:23:06.079586" level="INFO">Slept 1 second.</msg>
<arg>1s</arg>
<doc>Pauses the test executed for the given time.</doc>
<status status="PASS" start="2024-05-03T10:23:05.072858" elapsed="1.006728"/>
</kw>
<status status="PASS" start="2024-05-03T10:22:59.932933" elapsed="6.147386"/>
</kw>
<kw name="Verify products to add to cart">
<kw name="Wait Until Element Is Visible" owner="SeleniumLibrary">
<arg>${AddSauceLabsBackpack}</arg>
<arg>10s</arg>
<doc>Waits until the element ``locator`` is visible.</doc>
<status status="PASS" start="2024-05-03T10:23:06.083306" elapsed="0.037898"/>
</kw>
<status status="PASS" start="2024-05-03T10:23:06.081316" elapsed="0.039888"/>
</kw>
<kw name="Click Add Products To Cart">
<kw name="Click Element" owner="SeleniumLibrary">
<msg time="2024-05-03T10:23:06.123199" level="INFO">Clicking element 'id:add-to-cart-sauce-labs-backpack'.</msg>
<arg>${AddSauceLabsBackpack}</arg>
<doc>Click the element identified by ``locator``.</doc>
<status status="PASS" start="2024-05-03T10:23:06.123199" elapsed="0.063829"/>
</kw>
<kw name="Wait Until Element Is Visible" owner="SeleniumLibrary">
<arg>${ShoppingCartBadge1}</arg>
<arg>10s</arg>
<doc>Waits until the element ``locator`` is visible.</doc>
<status status="PASS" start="2024-05-03T10:23:06.188027" elapsed="0.036899"/>
</kw>
<kw name="Click Element" owner="SeleniumLibrary">
<msg time="2024-05-03T10:23:06.226057" level="INFO">Clicking element 'name:add-to-cart-sauce-labs-bike-light'.</msg>
<arg>${AddSauceLabsBikeLight}</arg>
<doc>Click the element identified by ``locator``.</doc>
<status status="PASS" start="2024-05-03T10:23:06.224926" elapsed="0.067820"/>
</kw>
<kw name="Wait Until Element Is Visible" owner="SeleniumLibrary">
<arg>${ShoppingCartBadge2}</arg>
<arg>10s</arg>
<doc>Waits until the element ``locator`` is visible.</doc>
<status status="PASS" start="2024-05-03T10:23:06.292746" elapsed="0.026961"/>
</kw>
<kw name="Click Element" owner="SeleniumLibrary">
<msg time="2024-05-03T10:23:06.320896" level="INFO">Clicking element 'id:add-to-cart-sauce-labs-bolt-t-shirt'.</msg>
<arg>${AddSauceLabsBoltT-Shirt}</arg>
<doc>Click the element identified by ``locator``.</doc>
<status status="PASS" start="2024-05-03T10:23:06.320896" elapsed="0.062749"/>
</kw>
<kw name="Wait Until Element Is Visible" owner="SeleniumLibrary">
<arg>${ShoppingCartBadge3}</arg>
<arg>10s</arg>
<doc>Waits until the element ``locator`` is visible.</doc>
<status status="PASS" start="2024-05-03T10:23:06.383645" elapsed="0.027959"/>
</kw>
<kw name="Click Element" owner="SeleniumLibrary">
<msg time="2024-05-03T10:23:06.413566" level="INFO">Clicking element 'name:add-to-cart-sauce-labs-fleece-jacket'.</msg>
<arg>${AddSauceLabsFleeceJacket}</arg>
<doc>Click the element identified by ``locator``.</doc>
<status status="PASS" start="2024-05-03T10:23:06.412567" elapsed="0.092756"/>
</kw>
<kw name="Wait Until Element Is Visible" owner="SeleniumLibrary">
<arg>${ShoppingCartBadge4}</arg>
<arg>10s</arg>
<doc>Waits until the element ``locator`` is visible.</doc>
<status status="PASS" start="2024-05-03T10:23:06.505323" elapsed="0.039891"/>
</kw>
<kw name="Click Element" owner="SeleniumLibrary">
<msg time="2024-05-03T10:23:06.546211" level="INFO">Clicking element 'id:add-to-cart-sauce-labs-onesie'.</msg>
<arg>${AddSauceLabsOnesie}</arg>
<doc>Click the element identified by ``locator``.</doc>
<status status="PASS" start="2024-05-03T10:23:06.545214" elapsed="0.074844"/>
</kw>
<kw name="Wait Until Element Is Visible" owner="SeleniumLibrary">
<arg>${ShoppingCartBadge5}</arg>
<arg>10s</arg>
<doc>Waits until the element ``locator`` is visible.</doc>
<status status="PASS" start="2024-05-03T10:23:06.620058" elapsed="0.040846"/>
</kw>
<kw name="Click Element" owner="SeleniumLibrary">
<msg time="2024-05-03T10:23:06.662030" level="INFO">Clicking element 'name:add-to-cart-test.allthethings()-t-shirt-(red)'.</msg>
<arg>${AddTest.allTheThings()T-Shirt(Red)}</arg>
<doc>Click the element identified by ``locator``.</doc>
<status status="PASS" start="2024-05-03T10:23:06.662030" elapsed="0.090628"/>
</kw>
<status status="PASS" start="2024-05-03T10:23:06.122201" elapsed="0.630457"/>
</kw>
<kw name="Verifies The Number Of Products Added">
<kw name="Wait Until Element Is Visible" owner="SeleniumLibrary">
<arg>${ShoppingCartBadge6}</arg>
<arg>10s</arg>
<doc>Waits until the element ``locator`` is visible.</doc>
<status status="PASS" start="2024-05-03T10:23:06.754657" elapsed="0.033940"/>
</kw>
<status status="PASS" start="2024-05-03T10:23:06.753654" elapsed="0.034943"/>
</kw>
<kw name="Click The Cart Button">
<kw name="Click Element" owner="SeleniumLibrary">
<msg time="2024-05-03T10:23:06.791103" level="INFO">Clicking element '//a[@class='shopping_cart_link']'.</msg>
<arg>${CartButton}</arg>
<doc>Click the element identified by ``locator``.</doc>
<status status="PASS" start="2024-05-03T10:23:06.790559" elapsed="0.104718"/>
</kw>
<kw name="Sleep" owner="BuiltIn">
<msg time="2024-05-03T10:23:07.907560" level="INFO">Slept 1 second.</msg>
<arg>1s</arg>
<doc>Pauses the test executed for the given time.</doc>
<status status="PASS" start="2024-05-03T10:23:06.895277" elapsed="1.012283"/>
</kw>
<status status="PASS" start="2024-05-03T10:23:06.789606" elapsed="1.118944"/>
</kw>
<kw name="Verify Checkout Button">
<kw name="Wait Until Element Is Visible" owner="SeleniumLibrary">
<arg>${CheckoutButton}</arg>
<arg>10s</arg>
<doc>Waits until the element ``locator`` is visible.</doc>
<status status="PASS" start="2024-05-03T10:23:07.913474" elapsed="0.069860"/>
</kw>
<status status="PASS" start="2024-05-03T10:23:07.911484" elapsed="0.071850"/>
</kw>
<kw name="Click Checkout Button">
<kw name="Click Element" owner="SeleniumLibrary">
<msg time="2024-05-03T10:23:07.988330" level="INFO">Clicking element '//button[@class='btn btn_action btn_medium checkout_button '][text()[contains(., 'Checkout')]]'.</msg>
<arg>${CheckoutButton}</arg>
<doc>Click the element identified by ``locator``.</doc>
<status status="PASS" start="2024-05-03T10:23:07.987275" elapsed="0.092750"/>
</kw>
<kw name="Sleep" owner="BuiltIn">
<msg time="2024-05-03T10:23:09.095564" level="INFO">Slept 1 second.</msg>
<arg>1s</arg>
<doc>Pauses the test executed for the given time.</doc>
<status status="PASS" start="2024-05-03T10:23:08.080025" elapsed="1.015539"/>
</kw>
<status status="PASS" start="2024-05-03T10:23:07.986278" elapsed="1.109286"/>
</kw>
<kw name="Verify personal data checkout page">
<kw name="Wait Until Element Is Visible" owner="SeleniumLibrary">
<arg>${FirstNameField}</arg>
<arg>10s</arg>
<doc>Waits until the element ``locator`` is visible.</doc>
<status status="PASS" start="2024-05-03T10:23:09.097387" elapsed="0.030915"/>
</kw>
<kw name="Wait Until Element Is Visible" owner="SeleniumLibrary">
<arg>${LastNameField}</arg>
<arg>10s</arg>
<doc>Waits until the element ``locator`` is visible.</doc>
<status status="PASS" start="2024-05-03T10:23:09.128302" elapsed="0.025932"/>
</kw>
<kw name="Wait Until Element Is Visible" owner="SeleniumLibrary">
<arg>${Zip_PostalCodeField}</arg>
<arg>10s</arg>
<doc>Waits until the element ``locator`` is visible.</doc>
<status status="PASS" start="2024-05-03T10:23:09.154234" elapsed="0.024968"/>
</kw>
<kw name="Wait Until Element Is Visible" owner="SeleniumLibrary">
<arg>${ContinueButton}</arg>
<arg>10s</arg>
<doc>Waits until the element ``locator`` is visible.</doc>
<status status="PASS" start="2024-05-03T10:23:09.179202" elapsed="0.024897"/>
</kw>
<status status="PASS" start="2024-05-03T10:23:09.096389" elapsed="0.107710"/>
</kw>
<kw name="Fill data on personal data checkout page">
<kw name="Generate Random String" owner="String">
<msg time="2024-05-03T10:23:09.207092" level="INFO">${randomLetters} = MAiIwWkq</msg>
<var>${randomLetters}</var>
<arg>8</arg>
<arg>[LETTERS]</arg>
<doc>Generates a string with a desired ``length`` from the given ``chars``.</doc>
<status status="PASS" start="2024-05-03T10:23:09.206095" elapsed="0.000997"/>
</kw>
<kw name="Input Text" owner="SeleniumLibrary">
<msg time="2024-05-03T10:23:09.208089" level="INFO">Typing text 'MAiIwWkq_1234' into text field 'id:first-name'.</msg>
<arg>${FirstNameField}</arg>
<arg>${randomLetters}_1234</arg>
<doc>Types the given ``text`` into the text field identified by ``locator``.</doc>
<status status="PASS" start="2024-05-03T10:23:09.208089" elapsed="0.166603"/>
</kw>
<kw name="Generate Random String" owner="String">
<msg time="2024-05-03T10:23:09.376638" level="INFO">${randomLetters} = uoKYTvsm</msg>
<var>${randomLetters}</var>
<arg>8</arg>
<arg>[LETTERS]</arg>
<doc>Generates a string with a desired ``length`` from the given ``chars``.</doc>
<status status="PASS" start="2024-05-03T10:23:09.375959" elapsed="0.000679"/>
</kw>
<kw name="Input Text" owner="SeleniumLibrary">
<msg time="2024-05-03T10:23:09.376638" level="INFO">Typing text '5678_uoKYTvsm' into text field 'name:lastName'.</msg>
<arg>${LastNameField}</arg>
<arg>5678_${randomLetters}</arg>
<doc>Types the given ``text`` into the text field identified by ``locator``.</doc>
<status status="PASS" start="2024-05-03T10:23:09.376638" elapsed="0.167552"/>
</kw>
<kw name="Generate Random String" owner="String">
<msg time="2024-05-03T10:23:09.545226" level="INFO">${randomNumbers} = 69767</msg>
<var>${randomNumbers}</var>
<arg>5</arg>
<arg>[NUMBERS]</arg>
<doc>Generates a string with a desired ``length`` from the given ``chars``.</doc>
<status status="PASS" start="2024-05-03T10:23:09.544190" elapsed="0.001036"/>
</kw>
<kw name="Input Text" owner="SeleniumLibrary">
<msg time="2024-05-03T10:23:09.546186" level="INFO">Typing text '69767' into text field 'id:postal-code'.</msg>
<arg>${Zip_PostalCodeField}</arg>
<arg>${randomNumbers}</arg>
<doc>Types the given ``text`` into the text field identified by ``locator``.</doc>
<status status="PASS" start="2024-05-03T10:23:09.545226" elapsed="0.129618"/>
</kw>
<kw name="Sleep" owner="BuiltIn">
<msg time="2024-05-03T10:23:14.686007" level="INFO">Slept 5 seconds.</msg>
<arg>5s</arg>
<doc>Pauses the test executed for the given time.</doc>
<status status="PASS" start="2024-05-03T10:23:09.674844" elapsed="5.011163"/>
</kw>
<status status="PASS" start="2024-05-03T10:23:09.205197" elapsed="5.480810"/>
</kw>
<kw name="Click continue button">
<kw name="Click Element" owner="SeleniumLibrary">
<msg time="2024-05-03T10:23:14.689894" level="INFO">Clicking element 'name:continue'.</msg>
<arg>${ContinueButton}</arg>
<doc>Click the element identified by ``locator``.</doc>
<status status="PASS" start="2024-05-03T10:23:14.688897" elapsed="0.106715"/>
</kw>
<kw name="Sleep" owner="BuiltIn">
<msg time="2024-05-03T10:23:15.806985" level="INFO">Slept 1 second.</msg>
<arg>1s</arg>
<doc>Pauses the test executed for the given time.</doc>
<status status="PASS" start="2024-05-03T10:23:14.795612" elapsed="1.011373"/>
</kw>
<status status="PASS" start="2024-05-03T10:23:14.687903" elapsed="1.120018"/>
</kw>
<kw name="Verify checkout overview page">
<kw name="Wait Until Element Is Visible" owner="SeleniumLibrary">
<arg>//span[@class='title'][text()[contains(., 'Checkout: Overview')]]</arg>
<arg>10s</arg>
<doc>Waits until the element ``locator`` is visible.</doc>
<status status="PASS" start="2024-05-03T10:23:15.811912" elapsed="0.053605"/>
</kw>
<kw name="Wait Until Element Is Visible" owner="SeleniumLibrary">
<arg>${FinishButton}</arg>
<arg>10s</arg>
<doc>Waits until the element ``locator`` is visible.</doc>
<status status="PASS" start="2024-05-03T10:23:15.865765" elapsed="0.038892"/>
</kw>
<kw name="Wait Until Element Is Visible" owner="SeleniumLibrary">
<arg>${CancelButton}</arg>
<arg>10s</arg>
<doc>Waits until the element ``locator`` is visible.</doc>
<status status="PASS" start="2024-05-03T10:23:15.904657" elapsed="0.036903"/>
</kw>
<status status="PASS" start="2024-05-03T10:23:15.809969" elapsed="0.131591"/>
</kw>
<kw name="Click Cancel Button">
<kw name="Click Element" owner="SeleniumLibrary">
<msg time="2024-05-03T10:23:15.944592" level="INFO">Clicking element '//button[@data-test='cancel']'.</msg>
<arg>${CancelButton}</arg>
<doc>Click the element identified by ``locator``.</doc>
<status status="PASS" start="2024-05-03T10:23:15.943594" elapsed="5.112416"/>
</kw>
<kw name="Sleep" owner="BuiltIn">
<msg time="2024-05-03T10:23:22.063861" level="INFO">Slept 1 second.</msg>
<arg>1s</arg>
<doc>Pauses the test executed for the given time.</doc>
<status status="PASS" start="2024-05-03T10:23:21.056010" elapsed="1.008175"/>
</kw>
<status status="PASS" start="2024-05-03T10:23:15.942596" elapsed="6.121589"/>
</kw>
<kw name="Verify products page">
<kw name="Wait Until Element Is Visible" owner="SeleniumLibrary">
<arg>//*[@class='title'][text()[contains(., 'Products')]]</arg>
<arg>10s</arg>
<doc>Waits until the element ``locator`` is visible.</doc>
<status status="PASS" start="2024-05-03T10:23:22.067777" elapsed="0.034306"/>
</kw>
<status status="PASS" start="2024-05-03T10:23:22.066179" elapsed="0.036949"/>
</kw>
<kw name="Close Browser" owner="SeleniumLibrary" type="TEARDOWN">
<doc>Closes the current browser.</doc>
<status status="PASS" start="2024-05-03T10:23:22.104078" elapsed="2.773439"/>
</kw>
<status status="PASS" start="2024-05-03T10:22:50.277712" elapsed="34.600907"/>
</test>
<status status="PASS" start="2024-05-03T10:22:49.827957" elapsed="35.054242"/>
</suite>
<statistics>
<total>
<stat pass="1" fail="0" skip="0">All Tests</stat>
</total>
<tag>
</tag>
<suite>
<stat pass="1" fail="0" skip="0" id="s1" name="actionCart">actionCart</stat>
</suite>
</statistics>
<errors>
</errors>
</robot>
