<?xml version="1.0" encoding="UTF-8"?>
<robot generator="Robot 7.0 (Python 3.8.3 on win32)" generated="2024-04-28T15:02:43.753135" rpa="false" schemaversion="5">
<suite id="s1" name="actionCart" source="D:\belajar\swagLabs-RobotFramework\actionCart.robot">
<test id="s1-t1" name="Add Remove Products" line="149">
<kw name="Open Browser" owner="SeleniumLibrary" type="SETUP">
<msg time="2024-04-28T15:02:44.137083" level="INFO">Opening browser 'chrome' to base url 'https://saucedemo.com/'.</msg>
<arg>${WebSauceDemo}</arg>
<arg>${BROWSER}</arg>
<doc>Opens a new browser instance to the optional ``url``.</doc>
<status status="PASS" start="2024-04-28T15:02:44.136083" elapsed="49.941000"/>
</kw>
<kw name="Maximize Browser Window" owner="SeleniumLibrary">
<doc>Maximizes current browser window.</doc>
<status status="PASS" start="2024-04-28T15:03:34.079077" elapsed="4.089068"/>
</kw>
<kw name="Input Username">
<kw name="Input Text" owner="SeleniumLibrary">
<msg time="2024-04-28T15:03:38.173131" level="INFO">Typing text 'performance_glitch_user' into text field '//input[@id='user-name']'.</msg>
<arg>${UsernameField}</arg>
<arg>performance_glitch_user</arg>
<doc>Types the given ``text`` into the text field identified by ``locator``.</doc>
<status status="PASS" start="2024-04-28T15:03:38.172133" elapsed="0.202458"/>
</kw>
<status status="PASS" start="2024-04-28T15:03:38.170139" elapsed="0.204452"/>
</kw>
<kw name="Input Password">
<kw name="Input Text" owner="SeleniumLibrary">
<msg time="2024-04-28T15:03:38.376585" level="INFO">Typing text 'secret_sauce' into text field '//input[@name='password']'.</msg>
<arg>${PasswordField}</arg>
<arg>secret_sauce</arg>
<doc>Types the given ``text`` into the text field identified by ``locator``.</doc>
<status status="PASS" start="2024-04-28T15:03:38.376585" elapsed="0.128658"/>
</kw>
<status status="PASS" start="2024-04-28T15:03:38.375588" elapsed="0.129655"/>
</kw>
<kw name="Click button login">
<kw name="Click Element" owner="SeleniumLibrary">
<msg time="2024-04-28T15:03:38.508280" level="INFO">Clicking element '//input[@type='submit'][@value='Login']'.</msg>
<arg>${LoginButton}</arg>
<doc>Click the element identified by ``locator``.</doc>
<status status="PASS" start="2024-04-28T15:03:38.507237" elapsed="5.139257"/>
</kw>
<kw name="Sleep" owner="BuiltIn">
<msg time="2024-04-28T15:03:44.651864" level="INFO">Slept 1 second.</msg>
<arg>1s</arg>
<doc>Pauses the test executed for the given time.</doc>
<status status="PASS" start="2024-04-28T15:03:43.647493" elapsed="1.004371"/>
</kw>
<status status="PASS" start="2024-04-28T15:03:38.506240" elapsed="6.145624"/>
</kw>
<kw name="Verify products to add to cart">
<kw name="Wait Until Element Is Visible" owner="SeleniumLibrary">
<arg>${AddSauceLabsBackpack}</arg>
<arg>10s</arg>
<doc>Waits until the element ``locator`` is visible.</doc>
<status status="PASS" start="2024-04-28T15:03:44.653859" elapsed="0.032909"/>
</kw>
<status status="PASS" start="2024-04-28T15:03:44.652862" elapsed="0.033906"/>
</kw>
<kw name="Click Add Products To Cart">
<kw name="Click Element" owner="SeleniumLibrary">
<msg time="2024-04-28T15:03:44.688762" level="INFO">Clicking element 'id:add-to-cart-sauce-labs-backpack'.</msg>
<arg>${AddSauceLabsBackpack}</arg>
<doc>Click the element identified by ``locator``.</doc>
<status status="PASS" start="2024-04-28T15:03:44.688762" elapsed="0.060839"/>
</kw>
<kw name="Wait Until Element Is Visible" owner="SeleniumLibrary">
<arg>${ShoppingCartBadge1}</arg>
<arg>10s</arg>
<doc>Waits until the element ``locator`` is visible.</doc>
<status status="PASS" start="2024-04-28T15:03:44.749601" elapsed="0.030916"/>
</kw>
<kw name="Click Element" owner="SeleniumLibrary">
<msg time="2024-04-28T15:03:44.781514" level="INFO">Clicking element 'name:add-to-cart-sauce-labs-bike-light'.</msg>
<arg>${AddSauceLabsBikeLight}</arg>
<doc>Click the element identified by ``locator``.</doc>
<status status="PASS" start="2024-04-28T15:03:44.781514" elapsed="0.065825"/>
</kw>
<kw name="Wait Until Element Is Visible" owner="SeleniumLibrary">
<arg>${ShoppingCartBadge2}</arg>
<arg>10s</arg>
<doc>Waits until the element ``locator`` is visible.</doc>
<status status="PASS" start="2024-04-28T15:03:44.848337" elapsed="0.029922"/>
</kw>
<kw name="Click Element" owner="SeleniumLibrary">
<msg time="2024-04-28T15:03:44.879255" level="INFO">Clicking element 'id:add-to-cart-sauce-labs-bolt-t-shirt'.</msg>
<arg>${AddSauceLabsBoltT-Shirt}</arg>
<doc>Click the element identified by ``locator``.</doc>
<status status="PASS" start="2024-04-28T15:03:44.878259" elapsed="0.059838"/>
</kw>
<kw name="Wait Until Element Is Visible" owner="SeleniumLibrary">
<arg>${ShoppingCartBadge3}</arg>
<arg>10s</arg>
<doc>Waits until the element ``locator`` is visible.</doc>
<status status="PASS" start="2024-04-28T15:03:44.938097" elapsed="0.026928"/>
</kw>
<kw name="Click Element" owner="SeleniumLibrary">
<msg time="2024-04-28T15:03:44.966024" level="INFO">Clicking element 'name:add-to-cart-sauce-labs-fleece-jacket'.</msg>
<arg>${AddSauceLabsFleeceJacket}</arg>
<doc>Click the element identified by ``locator``.</doc>
<status status="PASS" start="2024-04-28T15:03:44.966024" elapsed="0.060837"/>
</kw>
<kw name="Wait Until Element Is Visible" owner="SeleniumLibrary">
<arg>${ShoppingCartBadge4}</arg>
<arg>10s</arg>
<doc>Waits until the element ``locator`` is visible.</doc>
<status status="PASS" start="2024-04-28T15:03:45.026861" elapsed="0.026927"/>
</kw>
<kw name="Click Element" owner="SeleniumLibrary">
<msg time="2024-04-28T15:03:45.054809" level="INFO">Clicking element 'id:add-to-cart-sauce-labs-onesie'.</msg>
<arg>${AddSauceLabsOnesie}</arg>
<doc>Click the element identified by ``locator``.</doc>
<status status="PASS" start="2024-04-28T15:03:45.054809" elapsed="0.062810"/>
</kw>
<kw name="Wait Until Element Is Visible" owner="SeleniumLibrary">
<arg>${ShoppingCartBadge5}</arg>
<arg>10s</arg>
<doc>Waits until the element ``locator`` is visible.</doc>
<status status="PASS" start="2024-04-28T15:03:45.117619" elapsed="0.027957"/>
</kw>
<kw name="Click Element" owner="SeleniumLibrary">
<msg time="2024-04-28T15:03:45.145576" level="INFO">Clicking element 'name:add-to-cart-test.allthethings()-t-shirt-(red)'.</msg>
<arg>${AddTest.allTheThings()T-Shirt(Red)}</arg>
<doc>Click the element identified by ``locator``.</doc>
<status status="PASS" start="2024-04-28T15:03:45.145576" elapsed="0.065846"/>
</kw>
<status status="PASS" start="2024-04-28T15:03:44.687765" elapsed="0.523657"/>
</kw>
<kw name="Verifies The Number Of Products Added">
<kw name="Wait Until Element Is Visible" owner="SeleniumLibrary">
<arg>${ShoppingCartBadge6}</arg>
<arg>10s</arg>
<doc>Waits until the element ``locator`` is visible.</doc>
<status status="PASS" start="2024-04-28T15:03:45.213441" elapsed="0.028897"/>
</kw>
<status status="PASS" start="2024-04-28T15:03:45.212419" elapsed="0.029919"/>
</kw>
<kw name="Click The Cart Button">
<kw name="Click Element" owner="SeleniumLibrary">
<msg time="2024-04-28T15:03:45.244367" level="INFO">Clicking element '//a[@class='shopping_cart_link']'.</msg>
<arg>${CartButton}</arg>
<doc>Click the element identified by ``locator``.</doc>
<status status="PASS" start="2024-04-28T15:03:45.243335" elapsed="0.093752"/>
</kw>
<kw name="Sleep" owner="BuiltIn">
<msg time="2024-04-28T15:03:46.352707" level="INFO">Slept 1 second.</msg>
<arg>1s</arg>
<doc>Pauses the test executed for the given time.</doc>
<status status="PASS" start="2024-04-28T15:03:45.337087" elapsed="1.015620"/>
</kw>
<status status="PASS" start="2024-04-28T15:03:45.243335" elapsed="1.109372"/>
</kw>
<kw name="Verify Products To Remove From Cart">
<kw name="Wait Until Element Is Visible" owner="SeleniumLibrary">
<arg>${RemoveSauceLabsBackpack}</arg>
<arg>10s</arg>
<doc>Waits until the element ``locator`` is visible.</doc>
<status status="PASS" start="2024-04-28T15:03:46.354599" elapsed="0.027924"/>
</kw>
<status status="PASS" start="2024-04-28T15:03:46.354599" elapsed="0.027924"/>
</kw>
<kw name="Click Remove Products From Cart">
<kw name="Click Element" owner="SeleniumLibrary">
<msg time="2024-04-28T15:03:46.384519" level="INFO">Clicking element 'id:remove-sauce-labs-backpack'.</msg>
<arg>${RemoveSauceLabsBackpack}</arg>
<doc>Click the element identified by ``locator``.</doc>
<status status="PASS" start="2024-04-28T15:03:46.384519" elapsed="0.056847"/>
</kw>
<kw name="Wait Until Element Is Visible" owner="SeleniumLibrary">
<arg>${ShoppingCartBadge5}</arg>
<arg>10s</arg>
<doc>Waits until the element ``locator`` is visible.</doc>
<status status="PASS" start="2024-04-28T15:03:46.442364" elapsed="0.025965"/>
</kw>
<kw name="Click Element" owner="SeleniumLibrary">
<msg time="2024-04-28T15:03:46.468329" level="INFO">Clicking element 'name:remove-sauce-labs-bike-light'.</msg>
<arg>${RemoveSauceLabsBikeLight}</arg>
<doc>Click the element identified by ``locator``.</doc>
<status status="PASS" start="2024-04-28T15:03:46.468329" elapsed="0.061801"/>
</kw>
<kw name="Wait Until Element Is Visible" owner="SeleniumLibrary">
<arg>${ShoppingCartBadge4}</arg>
<arg>10s</arg>
<doc>Waits until the element ``locator`` is visible.</doc>
<status status="PASS" start="2024-04-28T15:03:46.531158" elapsed="0.022907"/>
</kw>
<kw name="Click Element" owner="SeleniumLibrary">
<msg time="2024-04-28T15:03:46.555097" level="INFO">Clicking element 'id:remove-sauce-labs-bolt-t-shirt'.</msg>
<arg>${RemoveSauceLabsBoltT-Shirt}</arg>
<doc>Click the element identified by ``locator``.</doc>
<status status="PASS" start="2024-04-28T15:03:46.554065" elapsed="0.057845"/>
</kw>
<kw name="Wait Until Element Is Visible" owner="SeleniumLibrary">
<arg>${ShoppingCartBadge3}</arg>
<arg>10s</arg>
<doc>Waits until the element ``locator`` is visible.</doc>
<status status="PASS" start="2024-04-28T15:03:46.611910" elapsed="0.023971"/>
</kw>
<kw name="Click Element" owner="SeleniumLibrary">
<msg time="2024-04-28T15:03:46.635881" level="INFO">Clicking element 'name:remove-sauce-labs-fleece-jacket'.</msg>
<arg>${RemoveSauceLabsFleeceJacket}</arg>
<doc>Click the element identified by ``locator``.</doc>
<status status="PASS" start="2024-04-28T15:03:46.635881" elapsed="0.056813"/>
</kw>
<kw name="Wait Until Element Is Visible" owner="SeleniumLibrary">
<arg>${ShoppingCartBadge2}</arg>
<arg>10s</arg>
<doc>Waits until the element ``locator`` is visible.</doc>
<status status="PASS" start="2024-04-28T15:03:46.693727" elapsed="0.021905"/>
</kw>
<kw name="Click Element" owner="SeleniumLibrary">
<msg time="2024-04-28T15:03:46.716655" level="INFO">Clicking element 'id:remove-sauce-labs-onesie'.</msg>
<arg>${RemoveSauceLabsOnesie}</arg>
<doc>Click the element identified by ``locator``.</doc>
<status status="PASS" start="2024-04-28T15:03:46.715632" elapsed="0.056850"/>
</kw>
<status status="PASS" start="2024-04-28T15:03:46.383521" elapsed="0.388961"/>
</kw>
<kw name="Verifies The Number Of Products Removed">
<kw name="Wait Until Element Is Visible" owner="SeleniumLibrary">
<arg>${ShoppingCartBadge1}</arg>
<arg>10s</arg>
<doc>Waits until the element ``locator`` is visible.</doc>
<status status="PASS" start="2024-04-28T15:03:46.774477" elapsed="0.022972"/>
</kw>
<status status="PASS" start="2024-04-28T15:03:46.773478" elapsed="0.023971"/>
</kw>
<kw name="Click Continue Shopping Button">
<kw name="Click Element" owner="SeleniumLibrary">
<msg time="2024-04-28T15:03:46.799409" level="INFO">Clicking element 'name:continue-shopping'.</msg>
<arg>${ContinueShoppingButton}</arg>
<doc>Click the element identified by ``locator``.</doc>
<status status="PASS" start="2024-04-28T15:03:46.799409" elapsed="5.087397"/>
</kw>
<kw name="Sleep" owner="BuiltIn">
<msg time="2024-04-28T15:03:52.893733" level="INFO">Slept 1 second.</msg>
<arg>1s</arg>
<doc>Pauses the test executed for the given time.</doc>
<status status="PASS" start="2024-04-28T15:03:51.886806" elapsed="1.006927"/>
</kw>
<status status="PASS" start="2024-04-28T15:03:46.798452" elapsed="6.095281"/>
</kw>
<kw name="Verify Remove Products Result">
<kw name="Wait Until Element Is Visible" owner="SeleniumLibrary">
<arg>${ShoppingCartBadge1}</arg>
<arg>10s</arg>
<doc>Waits until the element ``locator`` is visible.</doc>
<status status="PASS" start="2024-04-28T15:03:52.895612" elapsed="0.022940"/>
</kw>
<status status="PASS" start="2024-04-28T15:03:52.894614" elapsed="0.024933"/>
</kw>
<kw name="Close Browser" owner="SeleniumLibrary" type="TEARDOWN">
<doc>Closes the current browser.</doc>
<status status="PASS" start="2024-04-28T15:03:52.920546" elapsed="3.325250"/>
</kw>
<status status="PASS" start="2024-04-28T15:02:44.131096" elapsed="72.115583"/>
</test>
<test id="s1-t2" name="Checkout" line="164">
<kw name="Open Browser" owner="SeleniumLibrary" type="SETUP">
<msg time="2024-04-28T15:03:56.250667" level="INFO">Opening browser 'chrome' to base url 'https://saucedemo.com/'.</msg>
<arg>${WebSauceDemo}</arg>
<arg>${BROWSER}</arg>
<doc>Opens a new browser instance to the optional ``url``.</doc>
<status status="PASS" start="2024-04-28T15:03:56.250667" elapsed="5.952325"/>
</kw>
<kw name="Maximize Browser Window" owner="SeleniumLibrary">
<doc>Maximizes current browser window.</doc>
<status status="PASS" start="2024-04-28T15:04:02.203990" elapsed="0.038897"/>
</kw>
<kw name="Input Username">
<kw name="Input Text" owner="SeleniumLibrary">
<msg time="2024-04-28T15:04:02.244881" level="INFO">Typing text 'performance_glitch_user' into text field '//input[@id='user-name']'.</msg>
<arg>${UsernameField}</arg>
<arg>performance_glitch_user</arg>
<doc>Types the given ``text`` into the text field identified by ``locator``.</doc>
<status status="PASS" start="2024-04-28T15:04:02.244881" elapsed="0.196475"/>
</kw>
<status status="PASS" start="2024-04-28T15:04:02.243884" elapsed="0.197472"/>
</kw>
<kw name="Input Password">
<kw name="Input Text" owner="SeleniumLibrary">
<msg time="2024-04-28T15:04:02.443387" level="INFO">Typing text 'secret_sauce' into text field '//input[@name='password']'.</msg>
<arg>${PasswordField}</arg>
<arg>secret_sauce</arg>
<doc>Types the given ``text`` into the text field identified by ``locator``.</doc>
<status status="PASS" start="2024-04-28T15:04:02.443387" elapsed="0.132609"/>
</kw>
<status status="PASS" start="2024-04-28T15:04:02.442387" elapsed="0.133609"/>
</kw>
<kw name="Click button login">
<kw name="Click Element" owner="SeleniumLibrary">
<msg time="2024-04-28T15:04:02.577991" level="INFO">Clicking element '//input[@type='submit'][@value='Login']'.</msg>
<arg>${LoginButton}</arg>
<doc>Click the element identified by ``locator``.</doc>
<status status="PASS" start="2024-04-28T15:04:02.577991" elapsed="5.134269"/>
</kw>
<kw name="Sleep" owner="BuiltIn">
<msg time="2024-04-28T15:04:08.713915" level="INFO">Slept 1 second.</msg>
<arg>1s</arg>
<doc>Pauses the test executed for the given time.</doc>
<status status="PASS" start="2024-04-28T15:04:07.712260" elapsed="1.001655"/>
</kw>
<status status="PASS" start="2024-04-28T15:04:02.576992" elapsed="6.136923"/>
</kw>
<kw name="Verify products to add to cart">
<kw name="Wait Until Element Is Visible" owner="SeleniumLibrary">
<arg>${AddSauceLabsBackpack}</arg>
<arg>10s</arg>
<doc>Waits until the element ``locator`` is visible.</doc>
<status status="PASS" start="2024-04-28T15:04:08.715809" elapsed="0.030970"/>
</kw>
<status status="PASS" start="2024-04-28T15:04:08.714810" elapsed="0.031969"/>
</kw>
<kw name="Click Add Products To Cart">
<kw name="Click Element" owner="SeleniumLibrary">
<msg time="2024-04-28T15:04:08.749773" level="INFO">Clicking element 'id:add-to-cart-sauce-labs-backpack'.</msg>
<arg>${AddSauceLabsBackpack}</arg>
<doc>Click the element identified by ``locator``.</doc>
<status status="PASS" start="2024-04-28T15:04:08.748773" elapsed="0.063828"/>
</kw>
<kw name="Wait Until Element Is Visible" owner="SeleniumLibrary">
<arg>${ShoppingCartBadge1}</arg>
<arg>10s</arg>
<doc>Waits until the element ``locator`` is visible.</doc>
<status status="PASS" start="2024-04-28T15:04:08.813600" elapsed="0.030951"/>
</kw>
<kw name="Click Element" owner="SeleniumLibrary">
<msg time="2024-04-28T15:04:08.844551" level="INFO">Clicking element 'name:add-to-cart-sauce-labs-bike-light'.</msg>
<arg>${AddSauceLabsBikeLight}</arg>
<doc>Click the element identified by ``locator``.</doc>
<status status="PASS" start="2024-04-28T15:04:08.844551" elapsed="0.062797"/>
</kw>
<kw name="Wait Until Element Is Visible" owner="SeleniumLibrary">
<arg>${ShoppingCartBadge2}</arg>
<arg>10s</arg>
<doc>Waits until the element ``locator`` is visible.</doc>
<status status="PASS" start="2024-04-28T15:04:08.907348" elapsed="0.027927"/>
</kw>
<kw name="Click Element" owner="SeleniumLibrary">
<msg time="2024-04-28T15:04:08.936303" level="INFO">Clicking element 'id:add-to-cart-sauce-labs-bolt-t-shirt'.</msg>
<arg>${AddSauceLabsBoltT-Shirt}</arg>
<doc>Click the element identified by ``locator``.</doc>
<status status="PASS" start="2024-04-28T15:04:08.936303" elapsed="0.062802"/>
</kw>
<kw name="Wait Until Element Is Visible" owner="SeleniumLibrary">
<arg>${ShoppingCartBadge3}</arg>
<arg>10s</arg>
<doc>Waits until the element ``locator`` is visible.</doc>
<status status="PASS" start="2024-04-28T15:04:08.999105" elapsed="0.027925"/>
</kw>
<kw name="Click Element" owner="SeleniumLibrary">
<msg time="2024-04-28T15:04:09.028060" level="INFO">Clicking element 'name:add-to-cart-sauce-labs-fleece-jacket'.</msg>
<arg>${AddSauceLabsFleeceJacket}</arg>
<doc>Click the element identified by ``locator``.</doc>
<status status="PASS" start="2024-04-28T15:04:09.027030" elapsed="0.062865"/>
</kw>
<kw name="Wait Until Element Is Visible" owner="SeleniumLibrary">
<arg>${ShoppingCartBadge4}</arg>
<arg>10s</arg>
<doc>Waits until the element ``locator`` is visible.</doc>
<status status="PASS" start="2024-04-28T15:04:09.089895" elapsed="0.027965"/>
</kw>
<kw name="Click Element" owner="SeleniumLibrary">
<msg time="2024-04-28T15:04:09.117860" level="INFO">Clicking element 'id:add-to-cart-sauce-labs-onesie'.</msg>
<arg>${AddSauceLabsOnesie}</arg>
<doc>Click the element identified by ``locator``.</doc>
<status status="PASS" start="2024-04-28T15:04:09.117860" elapsed="0.061850"/>
</kw>
<kw name="Wait Until Element Is Visible" owner="SeleniumLibrary">
<arg>${ShoppingCartBadge5}</arg>
<arg>10s</arg>
<doc>Waits until the element ``locator`` is visible.</doc>
<status status="PASS" start="2024-04-28T15:04:09.180707" elapsed="0.027959"/>
</kw>
<kw name="Click Element" owner="SeleniumLibrary">
<msg time="2024-04-28T15:04:09.208666" level="INFO">Clicking element 'name:add-to-cart-test.allthethings()-t-shirt-(red)'.</msg>
<arg>${AddTest.allTheThings()T-Shirt(Red)}</arg>
<doc>Click the element identified by ``locator``.</doc>
<status status="PASS" start="2024-04-28T15:04:09.208666" elapsed="0.065790"/>
</kw>
<status status="PASS" start="2024-04-28T15:04:08.748773" elapsed="0.525683"/>
</kw>
<kw name="Verifies The Number Of Products Added">
<kw name="Wait Until Element Is Visible" owner="SeleniumLibrary">
<arg>${ShoppingCartBadge6}</arg>
<arg>10s</arg>
<doc>Waits until the element ``locator`` is visible.</doc>
<status status="PASS" start="2024-04-28T15:04:09.276451" elapsed="0.028958"/>
</kw>
<status status="PASS" start="2024-04-28T15:04:09.275453" elapsed="0.029956"/>
</kw>
<kw name="Click The Cart Button">
<kw name="Click Element" owner="SeleniumLibrary">
<msg time="2024-04-28T15:04:09.307402" level="INFO">Clicking element '//a[@class='shopping_cart_link']'.</msg>
<arg>${CartButton}</arg>
<doc>Click the element identified by ``locator``.</doc>
<status status="PASS" start="2024-04-28T15:04:09.307402" elapsed="0.095712"/>
</kw>
<kw name="Sleep" owner="BuiltIn">
<msg time="2024-04-28T15:04:10.417516" level="INFO">Slept 1 second.</msg>
<arg>1s</arg>
<doc>Pauses the test executed for the given time.</doc>
<status status="PASS" start="2024-04-28T15:04:09.403114" elapsed="1.014402"/>
</kw>
<status status="PASS" start="2024-04-28T15:04:09.306371" elapsed="1.111145"/>
</kw>
<kw name="Verify Checkout Button">
<kw name="Wait Until Element Is Visible" owner="SeleniumLibrary">
<arg>${CheckoutButton}</arg>
<arg>10s</arg>
<doc>Waits until the element ``locator`` is visible.</doc>
<status status="PASS" start="2024-04-28T15:04:10.419394" elapsed="0.032911"/>
</kw>
<status status="PASS" start="2024-04-28T15:04:10.419394" elapsed="0.032911"/>
</kw>
<kw name="Click Checkout Button">
<kw name="Click Element" owner="SeleniumLibrary">
<msg time="2024-04-28T15:04:10.455297" level="INFO">Clicking element '//button[@class='btn btn_action btn_medium checkout_button '][text()[contains(., 'Checkout')]]'.</msg>
<arg>${CheckoutButton}</arg>
<doc>Click the element identified by ``locator``.</doc>
<status status="PASS" start="2024-04-28T15:04:10.454301" elapsed="0.070811"/>
</kw>
<kw name="Sleep" owner="BuiltIn">
<msg time="2024-04-28T15:04:11.541676" level="INFO">Slept 1 second.</msg>
<arg>1s</arg>
<doc>Pauses the test executed for the given time.</doc>
<status status="PASS" start="2024-04-28T15:04:10.525112" elapsed="1.016564"/>
</kw>
<status status="PASS" start="2024-04-28T15:04:10.453303" elapsed="1.088373"/>
</kw>
<kw name="Verify personal data checkout page">
<kw name="Wait Until Element Is Visible" owner="SeleniumLibrary">
<arg>${FirstNameField}</arg>
<arg>10s</arg>
<doc>Waits until the element ``locator`` is visible.</doc>
<status status="PASS" start="2024-04-28T15:04:11.543549" elapsed="0.026929"/>
</kw>
<kw name="Wait Until Element Is Visible" owner="SeleniumLibrary">
<arg>${LastNameField}</arg>
<arg>10s</arg>
<doc>Waits until the element ``locator`` is visible.</doc>
<status status="PASS" start="2024-04-28T15:04:11.571499" elapsed="0.024908"/>
</kw>
<kw name="Wait Until Element Is Visible" owner="SeleniumLibrary">
<arg>${Zip_PostalCodeField}</arg>
<arg>10s</arg>
<doc>Waits until the element ``locator`` is visible.</doc>
<status status="PASS" start="2024-04-28T15:04:11.596407" elapsed="0.025956"/>
</kw>
<kw name="Wait Until Element Is Visible" owner="SeleniumLibrary">
<arg>${ContinueButton}</arg>
<arg>10s</arg>
<doc>Waits until the element ``locator`` is visible.</doc>
<status status="PASS" start="2024-04-28T15:04:11.622363" elapsed="0.025905"/>
</kw>
<status status="PASS" start="2024-04-28T15:04:11.542552" elapsed="0.105716"/>
</kw>
<kw name="Fill data on personal data checkout page">
<kw name="Input Text" owner="SeleniumLibrary">
<msg time="2024-04-28T15:04:11.650262" level="INFO">Typing text 'Red' into text field 'id:first-name'.</msg>
<arg>${FirstNameField}</arg>
<arg>Red</arg>
<doc>Types the given ``text`` into the text field identified by ``locator``.</doc>
<status status="PASS" start="2024-04-28T15:04:11.650262" elapsed="0.123673"/>
</kw>
<kw name="Input Text" owner="SeleniumLibrary">
<msg time="2024-04-28T15:04:11.774931" level="INFO">Typing text 'Bulls' into text field 'name:lastName'.</msg>
<arg>${LastNameField}</arg>
<arg>Bulls</arg>
<doc>Types the given ``text`` into the text field identified by ``locator``.</doc>
<status status="PASS" start="2024-04-28T15:04:11.774931" elapsed="0.135638"/>
</kw>
<kw name="Input Text" owner="SeleniumLibrary">
<msg time="2024-04-28T15:04:11.911564" level="INFO">Typing text '12321' into text field 'id:postal-code'.</msg>
<arg>${Zip_PostalCodeField}</arg>
<arg>12321</arg>
<doc>Types the given ``text`` into the text field identified by ``locator``.</doc>
<status status="PASS" start="2024-04-28T15:04:11.911564" elapsed="0.123718"/>
</kw>
<status status="PASS" start="2024-04-28T15:04:11.649267" elapsed="0.387012"/>
</kw>
<kw name="Click continue button">
<kw name="Click Element" owner="SeleniumLibrary">
<msg time="2024-04-28T15:04:12.037277" level="INFO">Clicking element 'name:continue'.</msg>
<arg>${ContinueButton}</arg>
<doc>Click the element identified by ``locator``.</doc>
<status status="PASS" start="2024-04-28T15:04:12.037277" elapsed="0.093752"/>
</kw>
<kw name="Sleep" owner="BuiltIn">
<msg time="2024-04-28T15:04:13.135717" level="INFO">Slept 1 second.</msg>
<arg>1s</arg>
<doc>Pauses the test executed for the given time.</doc>
<status status="PASS" start="2024-04-28T15:04:12.131029" elapsed="1.004688"/>
</kw>
<status status="PASS" start="2024-04-28T15:04:12.036279" elapsed="1.099438"/>
</kw>
<kw name="Verify checkout overview page">
<kw name="Wait Until Element Is Visible" owner="SeleniumLibrary">
<arg>//span[@class='title'][text()[contains(., 'Checkout: Overview')]]</arg>
<arg>10s</arg>
<doc>Waits until the element ``locator`` is visible.</doc>
<status status="PASS" start="2024-04-28T15:04:13.137598" elapsed="0.027923"/>
</kw>
<kw name="Wait Until Element Is Visible" owner="SeleniumLibrary">
<arg>${FinishButton}</arg>
<arg>10s</arg>
<doc>Waits until the element ``locator`` is visible.</doc>
<status status="PASS" start="2024-04-28T15:04:13.166519" elapsed="0.024934"/>
</kw>
<kw name="Wait Until Element Is Visible" owner="SeleniumLibrary">
<arg>${CancelButton}</arg>
<arg>10s</arg>
<doc>Waits until the element ``locator`` is visible.</doc>
<status status="PASS" start="2024-04-28T15:04:13.192449" elapsed="0.025963"/>
</kw>
<status status="PASS" start="2024-04-28T15:04:13.137598" elapsed="0.080814"/>
</kw>
<kw name="Click finish button">
<kw name="Click Element" owner="SeleniumLibrary">
<msg time="2024-04-28T15:04:13.220375" level="INFO">Clicking element '//button[@data-test='finish'][text()[contains(., 'Finish')]]'.</msg>
<arg>${FinishButton}</arg>
<doc>Click the element identified by ``locator``.</doc>
<status status="PASS" start="2024-04-28T15:04:13.219377" elapsed="0.066822"/>
</kw>
<kw name="Sleep" owner="BuiltIn">
<msg time="2024-04-28T15:04:14.291628" level="INFO">Slept 1 second.</msg>
<arg>1s</arg>
<doc>Pauses the test executed for the given time.</doc>
<status status="PASS" start="2024-04-28T15:04:13.286199" elapsed="1.005429"/>
</kw>
<status status="PASS" start="2024-04-28T15:04:13.219377" elapsed="1.072251"/>
</kw>
<kw name="Verify checkout result">
<kw name="Wait Until Element Is Visible" owner="SeleniumLibrary">
<arg>//span[@class='title'][text()[contains(., 'Checkout: Complete!')]]</arg>
<arg>10s</arg>
<doc>Waits until the element ``locator`` is visible.</doc>
<status status="PASS" start="2024-04-28T15:04:14.293504" elapsed="0.027926"/>
</kw>
<kw name="Wait Until Element Is Visible" owner="SeleniumLibrary">
<arg>${BackHomeButton}</arg>
<arg>10s</arg>
<doc>Waits until the element ``locator`` is visible.</doc>
<status status="PASS" start="2024-04-28T15:04:14.322451" elapsed="0.024909"/>
</kw>
<status status="PASS" start="2024-04-28T15:04:14.292508" elapsed="0.054852"/>
</kw>
<kw name="Click back to products button">
<kw name="Click Element" owner="SeleniumLibrary">
<msg time="2024-04-28T15:04:14.350353" level="INFO">Clicking element 'id:back-to-products'.</msg>
<arg>${BackHomeButton}</arg>
<doc>Click the element identified by ``locator``.</doc>
<status status="PASS" start="2024-04-28T15:04:14.349356" elapsed="5.084404"/>
</kw>
<kw name="Sleep" owner="BuiltIn">
<msg time="2024-04-28T15:04:20.448330" level="INFO">Slept 1 second.</msg>
<arg>1s</arg>
<doc>Pauses the test executed for the given time.</doc>
<status status="PASS" start="2024-04-28T15:04:19.433760" elapsed="1.014570"/>
</kw>
<status status="PASS" start="2024-04-28T15:04:14.349356" elapsed="6.098974"/>
</kw>
<kw name="Verify products page">
<kw name="Wait Until Element Is Visible" owner="SeleniumLibrary">
<arg>//*[@class='title'][text()[contains(., 'Products')]]</arg>
<arg>10s</arg>
<doc>Waits until the element ``locator`` is visible.</doc>
<status status="PASS" start="2024-04-28T15:04:20.450213" elapsed="0.026926"/>
</kw>
<status status="PASS" start="2024-04-28T15:04:20.449215" elapsed="0.028922"/>
</kw>
<kw name="Close Browser" owner="SeleniumLibrary" type="TEARDOWN">
<doc>Closes the current browser.</doc>
<status status="PASS" start="2024-04-28T15:04:20.479139" elapsed="3.001147"/>
</kw>
<status status="PASS" start="2024-04-28T15:03:56.249668" elapsed="27.231499"/>
</test>
<test id="s1-t3" name="Cancel Checkout" line="184">
<kw name="Open Browser" owner="SeleniumLibrary" type="SETUP">
<msg time="2024-04-28T15:04:23.485155" level="INFO">Opening browser 'chrome' to base url 'https://saucedemo.com/'.</msg>
<arg>${WebSauceDemo}</arg>
<arg>${BROWSER}</arg>
<doc>Opens a new browser instance to the optional ``url``.</doc>
<status status="PASS" start="2024-04-28T15:04:23.484159" elapsed="5.118700"/>
</kw>
<kw name="Maximize Browser Window" owner="SeleniumLibrary">
<doc>Maximizes current browser window.</doc>
<status status="PASS" start="2024-04-28T15:04:28.603827" elapsed="0.030918"/>
</kw>
<kw name="Input Username">
<kw name="Input Text" owner="SeleniumLibrary">
<msg time="2024-04-28T15:04:28.637736" level="INFO">Typing text 'performance_glitch_user' into text field '//input[@id='user-name']'.</msg>
<arg>${UsernameField}</arg>
<arg>performance_glitch_user</arg>
<doc>Types the given ``text`` into the text field identified by ``locator``.</doc>
<status status="PASS" start="2024-04-28T15:04:28.636738" elapsed="0.193484"/>
</kw>
<status status="PASS" start="2024-04-28T15:04:28.635744" elapsed="0.194478"/>
</kw>
<kw name="Input Password">
<kw name="Input Text" owner="SeleniumLibrary">
<msg time="2024-04-28T15:04:28.832216" level="INFO">Typing text 'secret_sauce' into text field '//input[@name='password']'.</msg>
<arg>${PasswordField}</arg>
<arg>secret_sauce</arg>
<doc>Types the given ``text`` into the text field identified by ``locator``.</doc>
<status status="PASS" start="2024-04-28T15:04:28.832216" elapsed="0.135636"/>
</kw>
<status status="PASS" start="2024-04-28T15:04:28.831255" elapsed="0.136597"/>
</kw>
<kw name="Click button login">
<kw name="Click Element" owner="SeleniumLibrary">
<msg time="2024-04-28T15:04:28.969846" level="INFO">Clicking element '//input[@type='submit'][@value='Login']'.</msg>
<arg>${LoginButton}</arg>
<doc>Click the element identified by ``locator``.</doc>
<status status="PASS" start="2024-04-28T15:04:28.969846" elapsed="5.132278"/>
</kw>
<kw name="Sleep" owner="BuiltIn">
<msg time="2024-04-28T15:04:35.117554" level="INFO">Slept 1 second.</msg>
<arg>1s</arg>
<doc>Pauses the test executed for the given time.</doc>
<status status="PASS" start="2024-04-28T15:04:34.102124" elapsed="1.015430"/>
</kw>
<status status="PASS" start="2024-04-28T15:04:28.968850" elapsed="6.148704"/>
</kw>
<kw name="Verify products to add to cart">
<kw name="Wait Until Element Is Visible" owner="SeleniumLibrary">
<arg>${AddSauceLabsBackpack}</arg>
<arg>10s</arg>
<doc>Waits until the element ``locator`` is visible.</doc>
<status status="PASS" start="2024-04-28T15:04:35.119448" elapsed="0.029921"/>
</kw>
<status status="PASS" start="2024-04-28T15:04:35.118451" elapsed="0.031946"/>
</kw>
<kw name="Click Add Products To Cart">
<kw name="Click Element" owner="SeleniumLibrary">
<msg time="2024-04-28T15:04:35.152365" level="INFO">Clicking element 'id:add-to-cart-sauce-labs-backpack'.</msg>
<arg>${AddSauceLabsBackpack}</arg>
<doc>Click the element identified by ``locator``.</doc>
<status status="PASS" start="2024-04-28T15:04:35.151397" elapsed="0.062809"/>
</kw>
<kw name="Wait Until Element Is Visible" owner="SeleniumLibrary">
<arg>${ShoppingCartBadge1}</arg>
<arg>10s</arg>
<doc>Waits until the element ``locator`` is visible.</doc>
<status status="PASS" start="2024-04-28T15:04:35.214206" elapsed="0.030917"/>
</kw>
<kw name="Click Element" owner="SeleniumLibrary">
<msg time="2024-04-28T15:04:35.246155" level="INFO">Clicking element 'name:add-to-cart-sauce-labs-bike-light'.</msg>
<arg>${AddSauceLabsBikeLight}</arg>
<doc>Click the element identified by ``locator``.</doc>
<status status="PASS" start="2024-04-28T15:04:35.245123" elapsed="0.062832"/>
</kw>
<kw name="Wait Until Element Is Visible" owner="SeleniumLibrary">
<arg>${ShoppingCartBadge2}</arg>
<arg>10s</arg>
<doc>Waits until the element ``locator`` is visible.</doc>
<status status="PASS" start="2024-04-28T15:04:35.307955" elapsed="0.027924"/>
</kw>
<kw name="Click Element" owner="SeleniumLibrary">
<msg time="2024-04-28T15:04:35.336912" level="INFO">Clicking element 'id:add-to-cart-sauce-labs-bolt-t-shirt'.</msg>
<arg>${AddSauceLabsBoltT-Shirt}</arg>
<doc>Click the element identified by ``locator``.</doc>
<status status="PASS" start="2024-04-28T15:04:35.335879" elapsed="0.063832"/>
</kw>
<kw name="Wait Until Element Is Visible" owner="SeleniumLibrary">
<arg>${ShoppingCartBadge3}</arg>
<arg>10s</arg>
<doc>Waits until the element ``locator`` is visible.</doc>
<status status="PASS" start="2024-04-28T15:04:35.400705" elapsed="0.025933"/>
</kw>
<kw name="Click Element" owner="SeleniumLibrary">
<msg time="2024-04-28T15:04:35.427633" level="INFO">Clicking element 'name:add-to-cart-sauce-labs-fleece-jacket'.</msg>
<arg>${AddSauceLabsFleeceJacket}</arg>
<doc>Click the element identified by ``locator``.</doc>
<status status="PASS" start="2024-04-28T15:04:35.427633" elapsed="0.063870"/>
</kw>
<kw name="Wait Until Element Is Visible" owner="SeleniumLibrary">
<arg>${ShoppingCartBadge4}</arg>
<arg>10s</arg>
<doc>Waits until the element ``locator`` is visible.</doc>
<status status="PASS" start="2024-04-28T15:04:35.491503" elapsed="0.027918"/>
</kw>
<kw name="Click Element" owner="SeleniumLibrary">
<msg time="2024-04-28T15:04:35.519421" level="INFO">Clicking element 'id:add-to-cart-sauce-labs-onesie'.</msg>
<arg>${AddSauceLabsOnesie}</arg>
<doc>Click the element identified by ``locator``.</doc>
<status status="PASS" start="2024-04-28T15:04:35.519421" elapsed="0.062800"/>
</kw>
<kw name="Wait Until Element Is Visible" owner="SeleniumLibrary">
<arg>${ShoppingCartBadge5}</arg>
<arg>10s</arg>
<doc>Waits until the element ``locator`` is visible.</doc>
<status status="PASS" start="2024-04-28T15:04:35.583256" elapsed="0.027888"/>
</kw>
<kw name="Click Element" owner="SeleniumLibrary">
<msg time="2024-04-28T15:04:35.611144" level="INFO">Clicking element 'name:add-to-cart-test.allthethings()-t-shirt-(red)'.</msg>
<arg>${AddTest.allTheThings()T-Shirt(Red)}</arg>
<doc>Click the element identified by ``locator``.</doc>
<status status="PASS" start="2024-04-28T15:04:35.611144" elapsed="0.065823"/>
</kw>
<status status="PASS" start="2024-04-28T15:04:35.151397" elapsed="0.525570"/>
</kw>
<kw name="Verifies The Number Of Products Added">
<kw name="Wait Until Element Is Visible" owner="SeleniumLibrary">
<arg>${ShoppingCartBadge6}</arg>
<arg>10s</arg>
<doc>Waits until the element ``locator`` is visible.</doc>
<status status="PASS" start="2024-04-28T15:04:35.678964" elapsed="0.027922"/>
</kw>
<status status="PASS" start="2024-04-28T15:04:35.677964" elapsed="0.028922"/>
</kw>
<kw name="Click The Cart Button">
<kw name="Click Element" owner="SeleniumLibrary">
<msg time="2024-04-28T15:04:35.708907" level="INFO">Clicking element '//a[@class='shopping_cart_link']'.</msg>
<arg>${CartButton}</arg>
<doc>Click the element identified by ``locator``.</doc>
<status status="PASS" start="2024-04-28T15:04:35.708907" elapsed="0.096718"/>
</kw>
<kw name="Sleep" owner="BuiltIn">
<msg time="2024-04-28T15:04:36.808571" level="INFO">Slept 1 second.</msg>
<arg>1s</arg>
<doc>Pauses the test executed for the given time.</doc>
<status status="PASS" start="2024-04-28T15:04:35.805625" elapsed="1.002946"/>
</kw>
<status status="PASS" start="2024-04-28T15:04:35.707886" elapsed="1.100685"/>
</kw>
<kw name="Verify Checkout Button">
<kw name="Wait Until Element Is Visible" owner="SeleniumLibrary">
<arg>${CheckoutButton}</arg>
<arg>10s</arg>
<doc>Waits until the element ``locator`` is visible.</doc>
<status status="PASS" start="2024-04-28T15:04:36.810447" elapsed="0.027929"/>
</kw>
<status status="PASS" start="2024-04-28T15:04:36.810447" elapsed="0.028958"/>
</kw>
<kw name="Click Checkout Button">
<kw name="Click Element" owner="SeleniumLibrary">
<msg time="2024-04-28T15:04:36.841399" level="INFO">Clicking element '//button[@class='btn btn_action btn_medium checkout_button '][text()[contains(., 'Checkout')]]'.</msg>
<arg>${CheckoutButton}</arg>
<doc>Click the element identified by ``locator``.</doc>
<status status="PASS" start="2024-04-28T15:04:36.840367" elapsed="0.069875"/>
</kw>
<kw name="Sleep" owner="BuiltIn">
<msg time="2024-04-28T15:04:37.916997" level="INFO">Slept 1 second.</msg>
<arg>1s</arg>
<doc>Pauses the test executed for the given time.</doc>
<status status="PASS" start="2024-04-28T15:04:36.910242" elapsed="1.006755"/>
</kw>
<status status="PASS" start="2024-04-28T15:04:36.840367" elapsed="1.076630"/>
</kw>
<kw name="Verify personal data checkout page">
<kw name="Wait Until Element Is Visible" owner="SeleniumLibrary">
<arg>${FirstNameField}</arg>
<arg>10s</arg>
<doc>Waits until the element ``locator`` is visible.</doc>
<status status="PASS" start="2024-04-28T15:04:37.918878" elapsed="0.027925"/>
</kw>
<kw name="Wait Until Element Is Visible" owner="SeleniumLibrary">
<arg>${LastNameField}</arg>
<arg>10s</arg>
<doc>Waits until the element ``locator`` is visible.</doc>
<status status="PASS" start="2024-04-28T15:04:37.946803" elapsed="0.025931"/>
</kw>
<kw name="Wait Until Element Is Visible" owner="SeleniumLibrary">
<arg>${Zip_PostalCodeField}</arg>
<arg>10s</arg>
<doc>Waits until the element ``locator`` is visible.</doc>
<status status="PASS" start="2024-04-28T15:04:37.973733" elapsed="0.024931"/>
</kw>
<kw name="Wait Until Element Is Visible" owner="SeleniumLibrary">
<arg>${ContinueButton}</arg>
<arg>10s</arg>
<doc>Waits until the element ``locator`` is visible.</doc>
<status status="PASS" start="2024-04-28T15:04:37.998664" elapsed="0.024935"/>
</kw>
<status status="PASS" start="2024-04-28T15:04:37.917881" elapsed="0.106714"/>
</kw>
<kw name="Fill data on personal data checkout page">
<kw name="Input Text" owner="SeleniumLibrary">
<msg time="2024-04-28T15:04:38.026590" level="INFO">Typing text 'Red' into text field 'id:first-name'.</msg>
<arg>${FirstNameField}</arg>
<arg>Red</arg>
<doc>Types the given ``text`` into the text field identified by ``locator``.</doc>
<status status="PASS" start="2024-04-28T15:04:38.025593" elapsed="0.122672"/>
</kw>
<kw name="Input Text" owner="SeleniumLibrary">
<msg time="2024-04-28T15:04:38.149296" level="INFO">Typing text 'Bulls' into text field 'name:lastName'.</msg>
<arg>${LastNameField}</arg>
<arg>Bulls</arg>
<doc>Types the given ``text`` into the text field identified by ``locator``.</doc>
<status status="PASS" start="2024-04-28T15:04:38.148265" elapsed="0.132672"/>
</kw>
<kw name="Input Text" owner="SeleniumLibrary">
<msg time="2024-04-28T15:04:38.281932" level="INFO">Typing text '12321' into text field 'id:postal-code'.</msg>
<arg>${Zip_PostalCodeField}</arg>
<arg>12321</arg>
<doc>Types the given ``text`` into the text field identified by ``locator``.</doc>
<status status="PASS" start="2024-04-28T15:04:38.280937" elapsed="0.123644"/>
</kw>
<status status="PASS" start="2024-04-28T15:04:38.025593" elapsed="0.378988"/>
</kw>
<kw name="Click continue button">
<kw name="Click Element" owner="SeleniumLibrary">
<msg time="2024-04-28T15:04:38.406578" level="INFO">Clicking element 'name:continue'.</msg>
<arg>${ContinueButton}</arg>
<doc>Click the element identified by ``locator``.</doc>
<status status="PASS" start="2024-04-28T15:04:38.406578" elapsed="0.091753"/>
</kw>
<kw name="Sleep" owner="BuiltIn">
<msg time="2024-04-28T15:04:39.510647" level="INFO">Slept 1 second.</msg>
<arg>1s</arg>
<doc>Pauses the test executed for the given time.</doc>
<status status="PASS" start="2024-04-28T15:04:38.499328" elapsed="1.011319"/>
</kw>
<status status="PASS" start="2024-04-28T15:04:38.405577" elapsed="1.105070"/>
</kw>
<kw name="Verify checkout overview page">
<kw name="Wait Until Element Is Visible" owner="SeleniumLibrary">
<arg>//span[@class='title'][text()[contains(., 'Checkout: Overview')]]</arg>
<arg>10s</arg>
<doc>Waits until the element ``locator`` is visible.</doc>
<status status="PASS" start="2024-04-28T15:04:39.512640" elapsed="0.026933"/>
</kw>
<kw name="Wait Until Element Is Visible" owner="SeleniumLibrary">
<arg>${FinishButton}</arg>
<arg>10s</arg>
<doc>Waits until the element ``locator`` is visible.</doc>
<status status="PASS" start="2024-04-28T15:04:39.539573" elapsed="0.026924"/>
</kw>
<kw name="Wait Until Element Is Visible" owner="SeleniumLibrary">
<arg>${CancelButton}</arg>
<arg>10s</arg>
<doc>Waits until the element ``locator`` is visible.</doc>
<status status="PASS" start="2024-04-28T15:04:39.566497" elapsed="0.026929"/>
</kw>
<status status="PASS" start="2024-04-28T15:04:39.511677" elapsed="0.082747"/>
</kw>
<kw name="Click Cancel Button">
<kw name="Click Element" owner="SeleniumLibrary">
<msg time="2024-04-28T15:04:39.596417" level="INFO">Clicking element '//button[@data-test='cancel']'.</msg>
<arg>${CancelButton}</arg>
<doc>Click the element identified by ``locator``.</doc>
<status status="PASS" start="2024-04-28T15:04:39.595420" elapsed="5.082409"/>
</kw>
<kw name="Sleep" owner="BuiltIn">
<msg time="2024-04-28T15:04:45.682168" level="INFO">Slept 1 second.</msg>
<arg>1s</arg>
<doc>Pauses the test executed for the given time.</doc>
<status status="PASS" start="2024-04-28T15:04:44.678826" elapsed="1.003342"/>
</kw>
<status status="PASS" start="2024-04-28T15:04:39.595420" elapsed="6.086748"/>
</kw>
<kw name="Verify products page">
<kw name="Wait Until Element Is Visible" owner="SeleniumLibrary">
<arg>//*[@class='title'][text()[contains(., 'Products')]]</arg>
<arg>10s</arg>
<doc>Waits until the element ``locator`` is visible.</doc>
<status status="PASS" start="2024-04-28T15:04:45.684163" elapsed="0.027926"/>
</kw>
<status status="PASS" start="2024-04-28T15:04:45.683165" elapsed="0.028924"/>
</kw>
<kw name="Close Browser" owner="SeleniumLibrary" type="TEARDOWN">
<doc>Closes the current browser.</doc>
<status status="PASS" start="2024-04-28T15:04:45.714085" elapsed="2.485497"/>
</kw>
<status status="PASS" start="2024-04-28T15:04:23.483164" elapsed="24.717297"/>
</test>
<status status="PASS" start="2024-04-28T15:02:43.756098" elapsed="124.447353"/>
</suite>
<statistics>
<total>
<stat pass="3" fail="0" skip="0">All Tests</stat>
</total>
<tag>
</tag>
<suite>
<stat pass="3" fail="0" skip="0" id="s1" name="actionCart">actionCart</stat>
</suite>
</statistics>
<errors>
</errors>
</robot>
