<?xml version="1.0" encoding="UTF-8"?>
<robot generator="Robot 7.0 (Python 3.8.3 on win32)" generated="2024-05-02T13:54:08.977688" rpa="false" schemaversion="5">
<suite id="s1" name="footerLinks" source="D:\belajar\swagLabs-RobotFramework\step\footerLinks.robot">
<test id="s1-t1" name="Twitter Footer Links" line="53">
<kw name="Open Browser" owner="SeleniumLibrary" type="SETUP">
<msg time="2024-05-02T13:54:09.333732" level="INFO">Opening browser 'chrome' to base url 'https://saucedemo.com/'.</msg>
<arg>${WebSauceDemo}</arg>
<arg>${BROWSER}</arg>
<doc>Opens a new browser instance to the optional ``url``.</doc>
<status status="PASS" start="2024-05-02T13:54:09.333732" elapsed="10.911954"/>
</kw>
<kw name="Maximize Browser Window" owner="SeleniumLibrary">
<doc>Maximizes current browser window.</doc>
<status status="PASS" start="2024-05-02T13:54:20.246683" elapsed="0.037898"/>
</kw>
<kw name="User have login">
<kw name="Input Text" owner="SeleniumLibrary">
<msg time="2024-05-02T13:54:20.287573" level="INFO">Typing text 'error_user' into text field '//input[@id='user-name']'.</msg>
<arg>${UsernameField}</arg>
<arg>error_user</arg>
<doc>Types the given ``text`` into the text field identified by ``locator``.</doc>
<status status="PASS" start="2024-05-02T13:54:20.286575" elapsed="0.179519"/>
</kw>
<kw name="Input Text" owner="SeleniumLibrary">
<msg time="2024-05-02T13:54:20.467091" level="INFO">Typing text 'secret_sauce' into text field '//input[@name='password']'.</msg>
<arg>${PasswordField}</arg>
<arg>secret_sauce</arg>
<doc>Types the given ``text`` into the text field identified by ``locator``.</doc>
<status status="PASS" start="2024-05-02T13:54:20.467091" elapsed="0.134642"/>
</kw>
<kw name="Click Element" owner="SeleniumLibrary">
<msg time="2024-05-02T13:54:20.602732" level="INFO">Clicking element '//input[@type='submit'][@value='Login']'.</msg>
<arg>${LoginButton}</arg>
<doc>Click the element identified by ``locator``.</doc>
<status status="PASS" start="2024-05-02T13:54:20.601733" elapsed="0.128656"/>
</kw>
<kw name="Sleep" owner="BuiltIn">
<msg time="2024-05-02T13:54:21.742086" level="INFO">Slept 1 second.</msg>
<arg>1s</arg>
<doc>Pauses the test executed for the given time.</doc>
<status status="PASS" start="2024-05-02T13:54:20.730389" elapsed="1.011697"/>
</kw>
<status status="PASS" start="2024-05-02T13:54:20.285579" elapsed="1.456507"/>
</kw>
<kw name="User verify twitter link button">
<kw name="Wait Until Element Is Visible" owner="SeleniumLibrary">
<arg>${TwitterButton}</arg>
<arg>10s</arg>
<doc>Waits until the element ``locator`` is visible.</doc>
<status status="PASS" start="2024-05-02T13:54:21.743968" elapsed="0.033907"/>
</kw>
<status status="PASS" start="2024-05-02T13:54:21.742968" elapsed="0.034907"/>
</kw>
<kw name="User click twitter link button">
<kw name="Click Element" owner="SeleniumLibrary">
<msg time="2024-05-02T13:54:21.779871" level="INFO">Clicking element '//a[@target='_blank'][text()[contains(., 'Twitter')]]'.</msg>
<arg>${TwitterButton}</arg>
<doc>Click the element identified by ``locator``.</doc>
<status status="PASS" start="2024-05-02T13:54:21.779871" elapsed="0.104717"/>
</kw>
<kw name="Sleep" owner="BuiltIn">
<msg time="2024-05-02T13:54:22.889114" level="INFO">Slept 1 second.</msg>
<arg>1s</arg>
<doc>Pauses the test executed for the given time.</doc>
<status status="PASS" start="2024-05-02T13:54:21.884588" elapsed="1.004526"/>
</kw>
<status status="PASS" start="2024-05-02T13:54:21.778906" elapsed="1.110208"/>
</kw>
<kw name="User verify twitter link result">
<kw name="Switch Window" owner="SeleniumLibrary">
<arg>NEW</arg>
<doc>Switches to browser window matching ``locator``.</doc>
<status status="PASS" start="2024-05-02T13:54:22.891108" elapsed="0.011968"/>
</kw>
<kw name="Wait For Expected Condition" owner="SeleniumLibrary">
<arg>Url To Be</arg>
<arg>https://twitter.com/saucelabs</arg>
<doc>Waits until ``condition`` is true or ``timeout`` expires.</doc>
<status status="PASS" start="2024-05-02T13:54:22.904075" elapsed="3.469194"/>
</kw>
<status status="PASS" start="2024-05-02T13:54:22.890113" elapsed="3.483156"/>
</kw>
<kw name="Close Browser" owner="SeleniumLibrary" type="TEARDOWN">
<doc>Closes the current browser.</doc>
<status status="PASS" start="2024-05-02T13:54:26.374267" elapsed="2.454714"/>
</kw>
<status status="PASS" start="2024-05-02T13:54:09.331703" elapsed="19.498162"/>
</test>
<test id="s1-t2" name="Facebook Footer Links" line="60">
<kw name="Open Browser" owner="SeleniumLibrary" type="SETUP">
<msg time="2024-05-02T13:54:28.832857" level="INFO">Opening browser 'chrome' to base url 'https://saucedemo.com/'.</msg>
<arg>${WebSauceDemo}</arg>
<arg>${BROWSER}</arg>
<doc>Opens a new browser instance to the optional ``url``.</doc>
<status status="PASS" start="2024-05-02T13:54:28.832857" elapsed="32.209960"/>
</kw>
<kw name="Maximize Browser Window" owner="SeleniumLibrary">
<doc>Maximizes current browser window.</doc>
<status status="PASS" start="2024-05-02T13:55:01.043789" elapsed="0.032952"/>
</kw>
<kw name="User have login">
<kw name="Input Text" owner="SeleniumLibrary">
<msg time="2024-05-02T13:55:01.078700" level="INFO">Typing text 'error_user' into text field '//input[@id='user-name']'.</msg>
<arg>${UsernameField}</arg>
<arg>error_user</arg>
<doc>Types the given ``text`` into the text field identified by ``locator``.</doc>
<status status="PASS" start="2024-05-02T13:55:01.078700" elapsed="0.184504"/>
</kw>
<kw name="Input Text" owner="SeleniumLibrary">
<msg time="2024-05-02T13:55:01.264199" level="INFO">Typing text 'secret_sauce' into text field '//input[@name='password']'.</msg>
<arg>${PasswordField}</arg>
<arg>secret_sauce</arg>
<doc>Types the given ``text`` into the text field identified by ``locator``.</doc>
<status status="PASS" start="2024-05-02T13:55:01.264199" elapsed="0.133647"/>
</kw>
<kw name="Click Element" owner="SeleniumLibrary">
<msg time="2024-05-02T13:55:01.398842" level="INFO">Clicking element '//input[@type='submit'][@value='Login']'.</msg>
<arg>${LoginButton}</arg>
<doc>Click the element identified by ``locator``.</doc>
<status status="PASS" start="2024-05-02T13:55:01.398842" elapsed="0.131646"/>
</kw>
<kw name="Sleep" owner="BuiltIn">
<msg time="2024-05-02T13:55:02.533925" level="INFO">Slept 1 second.</msg>
<arg>1s</arg>
<doc>Pauses the test executed for the given time.</doc>
<status status="PASS" start="2024-05-02T13:55:01.530488" elapsed="1.003437"/>
</kw>
<status status="PASS" start="2024-05-02T13:55:01.077699" elapsed="1.456226"/>
</kw>
<kw name="User verify facebook link button">
<kw name="Wait Until Element Is Visible" owner="SeleniumLibrary">
<arg>${FacebookButton}</arg>
<arg>10s</arg>
<doc>Waits until the element ``locator`` is visible.</doc>
<status status="PASS" start="2024-05-02T13:55:02.535802" elapsed="0.031913"/>
</kw>
<status status="PASS" start="2024-05-02T13:55:02.534804" elapsed="0.032911"/>
</kw>
<kw name="User click facebook link button">
<kw name="Click Element" owner="SeleniumLibrary">
<msg time="2024-05-02T13:55:02.570741" level="INFO">Clicking element '//a[@target='_blank'][text()[contains(., 'Facebook')]]'.</msg>
<arg>${FacebookButton}</arg>
<doc>Click the element identified by ``locator``.</doc>
<status status="PASS" start="2024-05-02T13:55:02.569712" elapsed="0.102721"/>
</kw>
<kw name="Sleep" owner="BuiltIn">
<msg time="2024-05-02T13:55:03.685849" level="INFO">Slept 1 second.</msg>
<arg>1s</arg>
<doc>Pauses the test executed for the given time.</doc>
<status status="PASS" start="2024-05-02T13:55:02.673431" elapsed="1.012418"/>
</kw>
<status status="PASS" start="2024-05-02T13:55:02.569712" elapsed="1.116137"/>
</kw>
<kw name="User verify facebook link result">
<kw name="Switch Window" owner="SeleniumLibrary">
<arg>NEW</arg>
<doc>Switches to browser window matching ``locator``.</doc>
<status status="PASS" start="2024-05-02T13:55:03.687845" elapsed="0.019981"/>
</kw>
<kw name="Wait For Expected Condition" owner="SeleniumLibrary">
<arg>Url To Be</arg>
<arg>https://www.facebook.com/saucelabs</arg>
<doc>Waits until ``condition`` is true or ``timeout`` expires.</doc>
<status status="PASS" start="2024-05-02T13:55:03.707826" elapsed="18.422839"/>
</kw>
<status status="PASS" start="2024-05-02T13:55:03.686846" elapsed="18.443819"/>
</kw>
<kw name="Close Browser" owner="SeleniumLibrary" type="TEARDOWN">
<doc>Closes the current browser.</doc>
<status status="PASS" start="2024-05-02T13:55:22.132657" elapsed="2.399994"/>
</kw>
<status status="PASS" start="2024-05-02T13:54:28.831856" elapsed="55.701676"/>
</test>
<test id="s1-t3" name="LinkedIn Footer Links" line="67">
<kw name="Open Browser" owner="SeleniumLibrary" type="SETUP">
<msg time="2024-05-02T13:55:24.537519" level="INFO">Opening browser 'chrome' to base url 'https://saucedemo.com/'.</msg>
<arg>${WebSauceDemo}</arg>
<arg>${BROWSER}</arg>
<doc>Opens a new browser instance to the optional ``url``.</doc>
<status status="PASS" start="2024-05-02T13:55:24.536522" elapsed="30.141358"/>
</kw>
<kw name="Maximize Browser Window" owner="SeleniumLibrary">
<doc>Maximizes current browser window.</doc>
<status status="PASS" start="2024-05-02T13:55:54.678879" elapsed="0.029920"/>
</kw>
<kw name="User have login">
<kw name="Input Text" owner="SeleniumLibrary">
<msg time="2024-05-02T13:55:54.712787" level="INFO">Typing text 'error_user' into text field '//input[@id='user-name']'.</msg>
<arg>${UsernameField}</arg>
<arg>error_user</arg>
<doc>Types the given ``text`` into the text field identified by ``locator``.</doc>
<status status="PASS" start="2024-05-02T13:55:54.712787" elapsed="0.179538"/>
</kw>
<kw name="Input Text" owner="SeleniumLibrary">
<msg time="2024-05-02T13:55:54.893325" level="INFO">Typing text 'secret_sauce' into text field '//input[@name='password']'.</msg>
<arg>${PasswordField}</arg>
<arg>secret_sauce</arg>
<doc>Types the given ``text`` into the text field identified by ``locator``.</doc>
<status status="PASS" start="2024-05-02T13:55:54.892325" elapsed="0.134651"/>
</kw>
<kw name="Click Element" owner="SeleniumLibrary">
<msg time="2024-05-02T13:55:55.028014" level="INFO">Clicking element '//input[@type='submit'][@value='Login']'.</msg>
<arg>${LoginButton}</arg>
<doc>Click the element identified by ``locator``.</doc>
<status status="PASS" start="2024-05-02T13:55:55.026976" elapsed="0.127693"/>
</kw>
<kw name="Sleep" owner="BuiltIn">
<msg time="2024-05-02T13:55:56.157099" level="INFO">Slept 1 second.</msg>
<arg>1s</arg>
<doc>Pauses the test executed for the given time.</doc>
<status status="PASS" start="2024-05-02T13:55:55.154669" elapsed="1.002430"/>
</kw>
<status status="PASS" start="2024-05-02T13:55:54.710794" elapsed="1.446305"/>
</kw>
<kw name="User verify linkedin link button">
<kw name="Wait Until Element Is Visible" owner="SeleniumLibrary">
<arg>${LinkedInButton}</arg>
<arg>10s</arg>
<doc>Waits until the element ``locator`` is visible.</doc>
<status status="PASS" start="2024-05-02T13:55:56.158979" elapsed="0.031914"/>
</kw>
<status status="PASS" start="2024-05-02T13:55:56.157982" elapsed="0.033907"/>
</kw>
<kw name="User click linkedin link button">
<kw name="Click Element" owner="SeleniumLibrary">
<msg time="2024-05-02T13:55:56.193884" level="INFO">Clicking element '//a[@target='_blank'][text()[contains(., 'LinkedIn')]]'.</msg>
<arg>${LinkedInButton}</arg>
<doc>Click the element identified by ``locator``.</doc>
<status status="PASS" start="2024-05-02T13:55:56.192888" elapsed="0.105715"/>
</kw>
<kw name="Sleep" owner="BuiltIn">
<msg time="2024-05-02T13:55:57.313062" level="INFO">Slept 1 second.</msg>
<arg>1s</arg>
<doc>Pauses the test executed for the given time.</doc>
<status status="PASS" start="2024-05-02T13:55:56.298603" elapsed="1.014459"/>
</kw>
<status status="PASS" start="2024-05-02T13:55:56.192888" elapsed="1.120174"/>
</kw>
<kw name="User verify linkedin link result">
<kw name="Switch Window" owner="SeleniumLibrary">
<arg>NEW</arg>
<doc>Switches to browser window matching ``locator``.</doc>
<status status="PASS" start="2024-05-02T13:55:57.315056" elapsed="0.018950"/>
</kw>
<kw name="Wait For Expected Condition" owner="SeleniumLibrary">
<arg>Url To Be</arg>
<arg>https://www.linkedin.com/company/sauce-labs/</arg>
<doc>Waits until ``condition`` is true or ``timeout`` expires.</doc>
<status status="PASS" start="2024-05-02T13:55:57.335035" elapsed="4.902983"/>
</kw>
<status status="PASS" start="2024-05-02T13:55:57.314061" elapsed="4.923957"/>
</kw>
<kw name="Close Browser" owner="SeleniumLibrary" type="TEARDOWN">
<doc>Closes the current browser.</doc>
<status status="PASS" start="2024-05-02T13:56:02.239014" elapsed="2.445759"/>
</kw>
<status status="PASS" start="2024-05-02T13:55:24.535526" elapsed="40.150123"/>
</test>
<status status="PASS" start="2024-05-02T13:54:08.979679" elapsed="115.708965"/>
</suite>
<statistics>
<total>
<stat pass="3" fail="0" skip="0">All Tests</stat>
</total>
<tag>
</tag>
<suite>
<stat pass="3" fail="0" skip="0" id="s1" name="footerLinks">footerLinks</stat>
</suite>
</statistics>
<errors>
</errors>
</robot>
